[INFO ] 2021-05-09 19:00:57.036 [http-nio-8881-exec-3] AdvertServiceImpl - History of car received with vin of car:2C4GJ453XYR693697
[INFO ] 2021-05-09 20:57:23.614 [http-nio-8881-exec-8] AdvertServiceImpl - Received a page of all adverttismetns, page: 0 - size: 3, totalElements: 10 
[INFO ] 2021-05-09 20:57:35.823 [http-nio-8881-exec-4] AdvertServiceImpl - Received a page of all adverttismetns, page: 0 - size: 3, totalElements: 10 
[INFO ] 2021-05-09 20:57:40.892 [http-nio-8881-exec-8] AdvertServiceImpl - Received a page of all adverttismetns, page: 3 - size: 3, totalElements: 10 
[INFO ] 2021-05-09 20:57:46.620 [http-nio-8881-exec-10] AdvertServiceImpl - Received a page of all adverttismetns, page: 0 - size: 3, totalElements: 10 
[INFO ] 2021-05-09 21:12:04.536 [http-nio-8881-exec-9] AdvertServiceImpl - Received a page of all adverttismetns, page: 0 - size: 3, totalElements: 10 
[INFO ] 2021-05-09 21:15:01.122 [http-nio-8881-exec-7] AdvertServiceImpl - Received a page of all adverttismetns, page: 0 - size: 3, totalElements: 10 
[INFO ] 2021-05-09 21:15:08.128 [http-nio-8881-exec-8] AdvertServiceImpl - Received a page of all adverttismetns, page: 2 - size: 3, totalElements: 10 
[INFO ] 2021-05-09 21:15:17.513 [http-nio-8881-exec-2] AdvertServiceImpl - Received a page of all adverttismetns, page: 3 - size: 3, totalElements: 10 
[INFO ] 2021-05-09 21:20:54.233 [http-nio-8881-exec-5] AdvertServiceImpl - Received a page of all adverttismetns, page: 0 - size: 3, totalElements: 10 
[INFO ] 2021-05-09 21:21:03.804 [http-nio-8881-exec-10] AdvertServiceImpl - Received a page of all adverttismetns, page: 0 - size: 3, totalElements: 10 
[INFO ] 2021-05-09 21:22:33.586 [http-nio-8881-exec-5] AdvertServiceImpl - History of car received with vin of car:2C4GJ453XYR693697
[INFO ] 2021-05-09 21:22:52.977 [http-nio-8881-exec-8] AdvertServiceImpl - History of car received with vin of car:2C4GJ453XYR693697
[INFO ] 2021-05-09 21:25:01.157 [http-nio-8881-exec-7] AdvertServiceImpl - Received a page of all adverttismetns, page: 0 - size: 3, totalElements: 10 
[INFO ] 2021-05-09 21:25:05.981 [http-nio-8881-exec-3] AdvertServiceImpl - History of car received with vin of car:2C4GJ453XYR693697
[INFO ] 2021-05-09 21:26:46.165 [http-nio-8881-exec-1] AdvertServiceImpl - History of car received with vin of car:2C4GJ453XYR693697
[INFO ] 2021-05-09 21:28:14.269 [http-nio-8881-exec-1] AdvertServiceImpl - History of car received with vin of car:2C4GJ453XYR693697
[INFO ] 2021-05-09 21:30:16.220 [http-nio-8881-exec-7] AdvertServiceImpl - History of car received with vin of car:2C4GJ453XYR693697
[INFO ] 2021-05-09 21:31:16.027 [http-nio-8881-exec-2] AdvertServiceImpl - History of car received with vin of car:2C4GJ453XYR693697
[INFO ] 2021-05-09 21:32:13.132 [http-nio-8881-exec-1] AdvertServiceImpl - History of car received with vin of car:2C4GJ453XYR693697
[INFO ] 2021-05-09 21:33:09.442 [http-nio-8881-exec-3] AdvertServiceImpl - History of car received with vin of car:2C4GJ453XYR693697
[INFO ] 2021-05-09 21:33:37.248 [http-nio-8881-exec-1] AdvertServiceImpl - History of car received with vin of car:2C4GJ453XYR693697
[INFO ] 2021-05-09 21:33:59.137 [http-nio-8881-exec-8] AdvertServiceImpl - Received a page of all adverttismetns, page: 0 - size: 3, totalElements: 10 
[INFO ] 2021-05-09 21:34:02.497 [http-nio-8881-exec-5] AdvertServiceImpl - Received a page of all adverttismetns, page: 3 - size: 3, totalElements: 10 
[INFO ] 2021-05-09 21:34:05.935 [http-nio-8881-exec-4] AdvertServiceImpl - History of car received with vin of car:XW8ZZZ7PZDG005302
[INFO ] 2021-05-09 21:35:03.076 [http-nio-8881-exec-3] AdvertServiceImpl - History of car received with vin of car:XW8ZZZ7PZDG005302
[INFO ] 2021-05-09 21:35:11.703 [http-nio-8881-exec-1] AdvertServiceImpl - Received a page of all adverttismetns, page: 0 - size: 3, totalElements: 10 
[INFO ] 2021-05-09 21:35:15.984 [http-nio-8881-exec-6] AdvertServiceImpl - History of car received with vin of car:2C4GJ453XYR693697
[INFO ] 2021-05-09 21:36:47.461 [http-nio-8881-exec-1] AdvertServiceImpl - History of car received with vin of car:2C4GJ453XYR693697
[INFO ] 2021-05-10 06:11:44.454 [http-nio-8881-exec-5] AdvertServiceImpl - Received a page of all adverttismetns, page: 0 - size: 3, totalElements: 10 
[INFO ] 2021-05-10 06:12:13.268 [http-nio-8881-exec-2] AdvertServiceImpl - Received a page of all adverttismetns, page: 0 - size: 3, totalElements: 10 
[INFO ] 2021-05-10 06:12:14.969 [http-nio-8881-exec-4] AdvertServiceImpl - Received a page of all adverttismetns, page: 0 - size: 3, totalElements: 10 
[INFO ] 2021-05-10 06:12:22.488 [http-nio-8881-exec-3] AdvertServiceImpl - Received a page of all adverttismetns, page: 0 - size: 3, totalElements: 10 
[INFO ] 2021-05-10 06:12:44.798 [http-nio-8881-exec-5] AdvertServiceImpl - Received a page of all adverttismetns, page: 0 - size: 3, totalElements: 10 
[INFO ] 2021-05-10 06:13:20.803 [http-nio-8881-exec-6] AdvertServiceImpl - Received a page of all adverttismetns, page: 0 - size: 3, totalElements: 10 
[INFO ] 2021-05-10 08:01:06.207 [http-nio-8881-exec-9] AdvertServiceImpl - Received a page of all adverttismetns, page: 0 - size: 3, totalElements: 10 
[INFO ] 2021-05-10 08:01:08.061 [http-nio-8881-exec-6] AdvertServiceImpl - Advertisement received with id:1
[INFO ] 2021-05-10 08:05:24.313 [http-nio-8881-exec-3] AdvertServiceImpl - Received a page of all adverttismetns, page: 0 - size: 3, totalElements: 10 
[INFO ] 2021-05-10 08:05:24.456 [http-nio-8881-exec-4] AdvertServiceImpl - Advertisement received with id:1
[INFO ] 2021-05-10 08:05:56.291 [http-nio-8881-exec-6] AdvertServiceImpl - Received a page of all adverttismetns, page: 0 - size: 3, totalElements: 10 
[INFO ] 2021-05-10 08:05:59.524 [http-nio-8881-exec-5] AdvertServiceImpl - Received a page of all adverttismetns, page: 0 - size: 3, totalElements: 10 
[INFO ] 2021-05-10 08:09:26.190 [http-nio-8881-exec-4] AdvertServiceImpl - Received a page of all adverttismetns, page: 0 - size: 3, totalElements: 10 
[INFO ] 2021-05-10 08:09:35.377 [http-nio-8881-exec-1] AdvertServiceImpl - Received a page of all adverttismetns, page: 0 - size: 3, totalElements: 10 
[INFO ] 2021-05-10 08:20:34.735 [http-nio-8881-exec-2] AdvertServiceImpl - Received a page of all adverttismetns, page: 0 - size: 3, totalElements: 10 
[INFO ] 2021-05-10 08:20:51.780 [http-nio-8881-exec-1] AdvertServiceImpl - Received a page of all adverttismetns, page: 0 - size: 3, totalElements: 10 
[INFO ] 2021-05-10 08:20:55.679 [http-nio-8881-exec-7] AdvertServiceImpl - Received a page of all adverttismetns, page: 0 - size: 3, totalElements: 10 
[INFO ] 2021-05-10 08:21:07.898 [http-nio-8881-exec-8] AdvertServiceImpl - Received a page of all adverttismetns, page: 0 - size: 3, totalElements: 10 
[INFO ] 2021-05-10 08:21:25.942 [http-nio-8881-exec-6] AdvertServiceImpl - Received a page of all adverttismetns, page: 0 - size: 3, totalElements: 10 
[INFO ] 2021-05-10 08:21:38.972 [http-nio-8881-exec-7] AdvertServiceImpl - Received a page of all adverttismetns, page: 0 - size: 3, totalElements: 10 
[INFO ] 2021-05-10 08:21:40.475 [http-nio-8881-exec-9] AdvertServiceImpl - Advertisement received with id:1
[INFO ] 2021-05-10 08:21:45.563 [http-nio-8881-exec-9] AdvertServiceImpl - Advertisement received with id:1
[INFO ] 2021-05-10 08:21:46.119 [http-nio-8881-exec-7] AdvertServiceImpl - Received a page of all adverttismetns, page: 0 - size: 3, totalElements: 10 
[INFO ] 2021-05-10 08:21:57.630 [http-nio-8881-exec-3] AdvertServiceImpl - Received a page of all adverttismetns, page: 0 - size: 3, totalElements: 10 
[INFO ] 2021-05-10 08:29:55.035 [http-nio-8881-exec-4] AdvertServiceImpl - Received a page of all adverttismetns, page: 0 - size: 3, totalElements: 10 
[INFO ] 2021-05-10 08:29:55.671 [http-nio-8881-exec-5] AdvertServiceImpl - Received a page of all adverttismetns, page: 0 - size: 3, totalElements: 10 
[INFO ] 2021-05-10 08:29:56.185 [http-nio-8881-exec-2] AdvertServiceImpl - Advertisement received with id:1
[INFO ] 2021-05-10 08:30:00.138 [http-nio-8881-exec-9] AdvertServiceImpl - Received a page of all adverttismetns, page: 0 - size: 3, totalElements: 10 
[INFO ] 2021-05-10 08:30:57.616 [http-nio-8881-exec-6] AdvertServiceImpl - Advertisement with id:47 delete by user
[INFO ] 2021-05-10 08:31:06.783 [http-nio-8881-exec-3] AdvertServiceImpl - Advertisement with id:47 delete by user
[INFO ] 2021-05-10 08:34:57.451 [http-nio-8881-exec-9] AdvertServiceImpl - Advertisement with id:47 deleted
[INFO ] 2021-05-10 08:35:35.041 [http-nio-8881-exec-9] AdvertServiceImpl - Advertisement with id:28 delete by user
[INFO ] 2021-05-10 08:42:26.738 [http-nio-8881-exec-7] AdvertServiceImpl - Received a page of all adverttismetns, page: 0 - size: 3, totalElements: 10 
[INFO ] 2021-05-10 09:12:07.978 [http-nio-8881-exec-3] AdvertServiceImpl - Advertisement received with id:1
[INFO ] 2021-05-10 09:12:15.782 [http-nio-8881-exec-5] AdvertServiceImpl - Advertisement received with id:28
[INFO ] 2021-05-10 09:12:41.432 [http-nio-8881-exec-8] AdvertServiceImpl - Received a page of all adverttismetns, page: 0 - size: 3, totalElements: 10 
[INFO ] 2021-05-10 09:12:59.760 [http-nio-8881-exec-4] AdvertServiceImpl - Received a page of all adverttismetns, page: 0 - size: 3, totalElements: 10 
[INFO ] 2021-05-10 09:13:26.491 [http-nio-8881-exec-7] AdvertServiceImpl - History of car received with vin of car:2C4GJ453XYR693543
[INFO ] 2021-05-10 09:13:36.972 [http-nio-8881-exec-5] AdvertServiceImpl - History of car received with vin of car:2C4GJ453XYR693543
[INFO ] 2021-05-10 09:15:27.638 [http-nio-8881-exec-2] AdvertServiceImpl - History of car received with vin of car:2C4GJ453XYR693697
[INFO ] 2021-05-10 09:15:35.880 [http-nio-8881-exec-5] AdvertServiceImpl - Received a page of all adverttismetns, page: 0 - size: 3, totalElements: 10 
[INFO ] 2021-05-10 09:15:39.132 [http-nio-8881-exec-1] AdvertServiceImpl - History of car received with vin of car:2C4GJ453XYR693697
[INFO ] 2021-05-10 09:16:39.652 [http-nio-8881-exec-5] AdvertServiceImpl - History of car received with vin of car:2C4GJ453XYR693697
[INFO ] 2021-05-10 09:16:52.779 [http-nio-8881-exec-2] AdvertServiceImpl - History of car received with vin of car:2C4GJ453XYR693697
[INFO ] 2021-05-10 09:16:55.890 [http-nio-8881-exec-1] AdvertServiceImpl - Advertisement received with id:28
[INFO ] 2021-05-10 09:17:02.466 [http-nio-8881-exec-6] AdvertServiceImpl - History of car received with vin of car:2C4GJ453XYR693697
[INFO ] 2021-05-10 09:18:08.362 [http-nio-8881-exec-5] AdvertServiceImpl - Received a page of all adverttismetns, page: 0 - size: 3, totalElements: 10 
[INFO ] 2021-05-10 09:18:13.879 [http-nio-8881-exec-2] AdvertServiceImpl - Received a page of all adverttismetns, page: 0 - size: 3, totalElements: 10 
[INFO ] 2021-05-10 09:18:21.252 [http-nio-8881-exec-2] AdvertServiceImpl - Received a page of all adverttismetns, page: 0 - size: 3, totalElements: 10 
[INFO ] 2021-05-10 09:18:29.571 [http-nio-8881-exec-4] AdvertServiceImpl - History of car received with vin of car:2C4GJ453XYR693697
[INFO ] 2021-05-10 09:18:57.240 [http-nio-8881-exec-5] AdvertServiceImpl - Advertisement received with id:28
[INFO ] 2021-05-10 09:20:24.775 [http-nio-8881-exec-8] AdvertServiceImpl - Advertisement received with id:28
[INFO ] 2021-05-10 09:20:44.749 [http-nio-8881-exec-3] AdvertServiceImpl - Advertisement received with id:28
[INFO ] 2021-05-10 09:22:31.503 [http-nio-8881-exec-7] AdvertServiceImpl - Advertisement received with id:28
[INFO ] 2021-05-10 09:22:49.882 [http-nio-8881-exec-6] AdvertServiceImpl - Advertisement received with id:28
[INFO ] 2021-05-10 09:23:01.186 [http-nio-8881-exec-9] AdvertServiceImpl - Advertisement received with id:28
[INFO ] 2021-05-10 09:24:16.057 [http-nio-8881-exec-3] AdvertServiceImpl - Advertisement received with id:28
[INFO ] 2021-05-10 09:24:19.576 [http-nio-8881-exec-2] AdvertServiceImpl - Received a page of all adverttismetns, page: 0 - size: 3, totalElements: 10 
[INFO ] 2021-05-10 09:24:20.519 [http-nio-8881-exec-10] AdvertServiceImpl - Advertisement received with id:1
[INFO ] 2021-05-10 09:24:22.080 [http-nio-8881-exec-7] AdvertServiceImpl - Received a page of all adverttismetns, page: 0 - size: 3, totalElements: 10 
[INFO ] 2021-05-10 09:24:31.867 [http-nio-8881-exec-6] AdvertServiceImpl - Advertisement received with id:28
[INFO ] 2021-05-10 09:24:55.993 [http-nio-8881-exec-10] AdvertServiceImpl - Received a page of all adverttismetns, page: 0 - size: 3, totalElements: 10 
[INFO ] 2021-05-10 09:24:57.824 [http-nio-8881-exec-5] AdvertServiceImpl - History of car received with vin of car:2C4GJ453XYR693697
[INFO ] 2021-05-10 09:25:00.599 [http-nio-8881-exec-7] AdvertServiceImpl - Advertisement received with id:28
[INFO ] 2021-05-10 09:26:07.059 [http-nio-8881-exec-4] AdvertServiceImpl - Advertisement received with id:28
[INFO ] 2021-05-10 09:26:39.944 [http-nio-8881-exec-1] AdvertServiceImpl - Received a page of all adverttismetns, page: 0 - size: 3, totalElements: 10 
[INFO ] 2021-05-10 09:26:55.126 [http-nio-8881-exec-1] AdvertServiceImpl - Received a page of all adverttismetns, page: 0 - size: 3, totalElements: 10 
[INFO ] 2021-05-10 09:30:13.238 [http-nio-8881-exec-10] AdvertServiceImpl - Received a page of all adverttismetns, page: 0 - size: 3, totalElements: 10 
[INFO ] 2021-05-10 09:30:18.108 [http-nio-8881-exec-2] AdvertServiceImpl - History of car received with vin of car:2C4GJ453XYR693697
[INFO ] 2021-05-10 09:30:25.078 [http-nio-8881-exec-9] AdvertServiceImpl - Received a page of all adverttismetns, page: 0 - size: 3, totalElements: 10 
[INFO ] 2021-05-10 09:30:30.266 [http-nio-8881-exec-1] AdvertServiceImpl - History of car received with vin of car:2C4GJ453XYR693697
[INFO ] 2021-05-10 09:30:40.019 [http-nio-8881-exec-7] AdvertServiceImpl - History of car received with vin of car:2C4GJ453XYR693697
[INFO ] 2021-05-10 09:30:46.156 [http-nio-8881-exec-8] AdvertServiceImpl - History of car received with vin of car:2C4GJ453XYR693697
[INFO ] 2021-05-10 09:43:32.233 [http-nio-8881-exec-3] AdvertServiceImpl - History of car received with vin of car:2C4GJ453XYR693697
[INFO ] 2021-05-10 09:43:43.621 [http-nio-8881-exec-4] AdvertServiceImpl - History of car received with vin of car:2C4GJ453XYR693697
[INFO ] 2021-05-10 09:44:09.428 [http-nio-8881-exec-9] AdvertServiceImpl - History of car received with vin of car:2C4GJ453XYR693697
[INFO ] 2021-05-10 09:44:14.545 [http-nio-8881-exec-2] AdvertServiceImpl - History of car received with vin of car:2C4GJ453XYR693697
[INFO ] 2021-05-10 09:44:26.114 [http-nio-8881-exec-5] AdvertServiceImpl - History of car received with vin of car:2C4GJ453XYR693697
[INFO ] 2021-05-10 09:44:38.797 [http-nio-8881-exec-3] AdvertServiceImpl - History of car received with vin of car:2C4GJ453XYR693697
[INFO ] 2021-05-10 09:46:38.815 [http-nio-8881-exec-8] AdvertServiceImpl - History of car received with vin of car:2C4GJ453XYR693697
[INFO ] 2021-05-10 09:47:11.447 [http-nio-8881-exec-7] AdvertServiceImpl - Received a page of all adverttismetns, page: 0 - size: 3, totalElements: 10 
[INFO ] 2021-05-10 09:47:12.981 [http-nio-8881-exec-1] AdvertServiceImpl - Received a page of all adverttismetns, page: 0 - size: 3, totalElements: 10 
[INFO ] 2021-05-10 09:47:20.913 [http-nio-8881-exec-5] AdvertServiceImpl - Received a page of all adverttismetns, page: 0 - size: 3, totalElements: 10 
[INFO ] 2021-05-10 09:47:31.922 [http-nio-8881-exec-2] AdvertServiceImpl - History of car received with vin of car:2C4GJ453XYR693697
[INFO ] 2021-05-10 09:47:54.857 [http-nio-8881-exec-9] AdvertServiceImpl - History of car received with vin of car:2C4GJ453XYR693697
[INFO ] 2021-05-10 09:51:55.343 [http-nio-8881-exec-7] AdvertServiceImpl - History of car received with vin of car:2C4GJ453XYR693697
[INFO ] 2021-05-10 09:52:42.896 [http-nio-8881-exec-10] AdvertServiceImpl - History of car received with vin of car:2C4GJ453XYR693697
[INFO ] 2021-05-10 09:54:13.373 [http-nio-8881-exec-1] AdvertServiceImpl - History of car received with vin of car:2C4GJ453XYR693697
[INFO ] 2021-05-10 09:57:59.852 [http-nio-8881-exec-6] AdvertServiceImpl - History of car received with vin of car:2C4GJ453XYR693697
[INFO ] 2021-05-10 09:59:34.058 [http-nio-8881-exec-2] AdvertServiceImpl - History of car received with vin of car:2C4GJ453XYR693697
[INFO ] 2021-05-10 09:59:57.447 [http-nio-8881-exec-9] AdvertServiceImpl - History of car received with vin of car:2C4GJ453XYR693697
[INFO ] 2021-05-10 10:00:05.792 [http-nio-8881-exec-1] AdvertServiceImpl - History of car received with vin of car:2C4GJ453XYR693697
[INFO ] 2021-05-10 10:00:29.363 [http-nio-8881-exec-8] AdvertServiceImpl - History of car received with vin of car:2C4GJ453XYR693697
[INFO ] 2021-05-10 10:01:20.810 [http-nio-8881-exec-5] AdvertServiceImpl - History of car received with vin of car:2C4GJ453XYR693697
[INFO ] 2021-05-10 10:01:40.964 [http-nio-8881-exec-2] AdvertServiceImpl - History of car received with vin of car:2C4GJ453XYR693697
[INFO ] 2021-05-10 10:01:55.461 [http-nio-8881-exec-9] AdvertServiceImpl - History of car received with vin of car:2C4GJ453XYR693697
[INFO ] 2021-05-10 10:02:02.196 [http-nio-8881-exec-1] AdvertServiceImpl - History of car received with vin of car:2C4GJ453XYR693697
[INFO ] 2021-05-10 10:02:10.268 [http-nio-8881-exec-8] AdvertServiceImpl - History of car received with vin of car:2C4GJ453XYR693697
[INFO ] 2021-05-10 10:02:25.141 [http-nio-8881-exec-5] AdvertServiceImpl - History of car received with vin of car:2C4GJ453XYR693697
[INFO ] 2021-05-10 10:02:38.409 [http-nio-8881-exec-2] AdvertServiceImpl - History of car received with vin of car:2C4GJ453XYR693697
[INFO ] 2021-05-10 10:03:16.917 [http-nio-8881-exec-9] AdvertServiceImpl - History of car received with vin of car:2C4GJ453XYR693697
[INFO ] 2021-05-10 10:03:40.699 [http-nio-8881-exec-1] AdvertServiceImpl - History of car received with vin of car:2C4GJ453XYR693697
[INFO ] 2021-05-10 10:04:08.151 [http-nio-8881-exec-8] AdvertServiceImpl - History of car received with vin of car:2C4GJ453XYR693697
[INFO ] 2021-05-10 10:04:41.510 [http-nio-8881-exec-5] AdvertServiceImpl - History of car received with vin of car:2C4GJ453XYR693697
[INFO ] 2021-05-10 10:04:58.446 [http-nio-8881-exec-2] AdvertServiceImpl - History of car received with vin of car:2C4GJ453XYR693697
[INFO ] 2021-05-10 10:05:09.918 [http-nio-8881-exec-9] AdvertServiceImpl - History of car received with vin of car:2C4GJ453XYR693697
[INFO ] 2021-05-10 10:05:18.371 [http-nio-8881-exec-1] AdvertServiceImpl - History of car received with vin of car:2C4GJ453XYR693697
[INFO ] 2021-05-10 10:06:59.273 [http-nio-8881-exec-6] AdvertServiceImpl - History of car received with vin of car:2C4GJ453XYR693697
[INFO ] 2021-05-10 10:07:50.037 [http-nio-8881-exec-7] AdvertServiceImpl - History of car received with vin of car:2C4GJ453XYR693697
[INFO ] 2021-05-10 10:08:17.454 [http-nio-8881-exec-10] AdvertServiceImpl - History of car received with vin of car:2C4GJ453XYR693697
[INFO ] 2021-05-10 10:08:21.679 [http-nio-8881-exec-9] AdvertServiceImpl - History of car received with vin of car:2C4GJ453XYR693697
[INFO ] 2021-05-10 10:08:26.325 [http-nio-8881-exec-1] AdvertServiceImpl - History of car received with vin of car:2C4GJ453XYR693697
[INFO ] 2021-05-10 10:08:30.135 [http-nio-8881-exec-4] AdvertServiceImpl - History of car received with vin of car:2C4GJ453XYR693697
[INFO ] 2021-05-10 10:08:31.238 [http-nio-8881-exec-8] AdvertServiceImpl - History of car received with vin of car:2C4GJ453XYR693697
[INFO ] 2021-05-10 10:08:45.689 [http-nio-8881-exec-5] AdvertServiceImpl - History of car received with vin of car:2C4GJ453XYR693697
[INFO ] 2021-05-10 10:09:00.842 [http-nio-8881-exec-2] AdvertServiceImpl - History of car received with vin of car:2C4GJ453XYR693697
[INFO ] 2021-05-10 10:09:15.930 [http-nio-8881-exec-9] AdvertServiceImpl - History of car received with vin of car:2C4GJ453XYR693697
[INFO ] 2021-05-10 10:09:26.240 [http-nio-8881-exec-1] AdvertServiceImpl - History of car received with vin of car:2C4GJ453XYR693697
[INFO ] 2021-05-10 10:09:41.910 [http-nio-8881-exec-8] AdvertServiceImpl - History of car received with vin of car:2C4GJ453XYR693697
[INFO ] 2021-05-10 10:09:50.411 [http-nio-8881-exec-5] AdvertServiceImpl - History of car received with vin of car:2C4GJ453XYR693697
[INFO ] 2021-05-10 10:10:00.694 [http-nio-8881-exec-2] AdvertServiceImpl - History of car received with vin of car:2C4GJ453XYR693697
[INFO ] 2021-05-10 10:10:09.670 [http-nio-8881-exec-9] AdvertServiceImpl - History of car received with vin of car:2C4GJ453XYR693697
[INFO ] 2021-05-10 10:10:20.340 [http-nio-8881-exec-1] AdvertServiceImpl - History of car received with vin of car:2C4GJ453XYR693697
[INFO ] 2021-05-10 10:10:37.782 [http-nio-8881-exec-8] AdvertServiceImpl - History of car received with vin of car:2C4GJ453XYR693697
[INFO ] 2021-05-10 10:10:53.313 [http-nio-8881-exec-5] AdvertServiceImpl - History of car received with vin of car:2C4GJ453XYR693697
[INFO ] 2021-05-10 10:11:07.063 [http-nio-8881-exec-2] AdvertServiceImpl - History of car received with vin of car:2C4GJ453XYR693697
[INFO ] 2021-05-10 10:13:37.201 [http-nio-8881-exec-3] AdvertServiceImpl - History of car received with vin of car:2C4GJ453XYR693697
[INFO ] 2021-05-10 10:14:01.970 [http-nio-8881-exec-4] AdvertServiceImpl - History of car received with vin of car:2C4GJ453XYR693697
[INFO ] 2021-05-10 10:15:35.444 [http-nio-8881-exec-5] AdvertServiceImpl - History of car received with vin of car:2C4GJ453XYR693697
[INFO ] 2021-05-10 10:16:29.682 [http-nio-8881-exec-2] AdvertServiceImpl - History of car received with vin of car:2C4GJ453XYR693697
[INFO ] 2021-05-10 10:16:47.773 [http-nio-8881-exec-9] AdvertServiceImpl - History of car received with vin of car:2C4GJ453XYR693697
[INFO ] 2021-05-10 10:19:09.729 [http-nio-8881-exec-4] AdvertServiceImpl - History of car received with vin of car:2C4GJ453XYR693697
[INFO ] 2021-05-10 10:20:01.467 [http-nio-8881-exec-6] AdvertServiceImpl - History of car received with vin of car:2C4GJ453XYR693697
[INFO ] 2021-05-10 10:20:14.850 [http-nio-8881-exec-7] AdvertServiceImpl - History of car received with vin of car:2C4GJ453XYR693697
[INFO ] 2021-05-10 10:20:26.066 [http-nio-8881-exec-10] AdvertServiceImpl - History of car received with vin of car:2C4GJ453XYR693697
[INFO ] 2021-05-10 10:20:46.532 [http-nio-8881-exec-3] AdvertServiceImpl - History of car received with vin of car:2C4GJ453XYR693697
[INFO ] 2021-05-10 10:20:50.493 [http-nio-8881-exec-1] AdvertServiceImpl - History of car received with vin of car:2C4GJ453XYR693697
[INFO ] 2021-05-10 10:21:22.604 [http-nio-8881-exec-8] AdvertServiceImpl - History of car received with vin of car:2C4GJ453XYR693697
[INFO ] 2021-05-10 10:22:28.637 [http-nio-8881-exec-7] AdvertServiceImpl - History of car received with vin of car:2C4GJ453XYR693697
[INFO ] 2021-05-10 10:22:40.036 [http-nio-8881-exec-10] AdvertServiceImpl - History of car received with vin of car:2C4GJ453XYR693697
[INFO ] 2021-05-10 10:22:47.693 [http-nio-8881-exec-3] AdvertServiceImpl - History of car received with vin of car:2C4GJ453XYR693697
[INFO ] 2021-05-10 10:22:53.059 [http-nio-8881-exec-4] AdvertServiceImpl - History of car received with vin of car:2C4GJ453XYR693697
[INFO ] 2021-05-10 10:23:01.431 [http-nio-8881-exec-6] AdvertServiceImpl - History of car received with vin of car:2C4GJ453XYR693697
[INFO ] 2021-05-10 10:23:22.233 [http-nio-8881-exec-7] AdvertServiceImpl - History of car received with vin of car:2C4GJ453XYR693697
[INFO ] 2021-05-10 10:23:52.284 [http-nio-8881-exec-10] AdvertServiceImpl - History of car received with vin of car:2C4GJ453XYR693697
[INFO ] 2021-05-10 10:24:40.155 [http-nio-8881-exec-3] AdvertServiceImpl - History of car received with vin of car:2C4GJ453XYR693697
[INFO ] 2021-05-10 10:24:47.419 [http-nio-8881-exec-4] AdvertServiceImpl - History of car received with vin of car:2C4GJ453XYR693697
[INFO ] 2021-05-10 10:25:44.229 [http-nio-8881-exec-5] AdvertServiceImpl - Received a page of all adverttismetns, page: 0 - size: 3, totalElements: 10 
[INFO ] 2021-05-10 10:25:46.233 [http-nio-8881-exec-6] AdvertServiceImpl - History of car received with vin of car:2C4GJ453XYR693697
[INFO ] 2021-05-10 10:27:11.543 [http-nio-8881-exec-5] AdvertServiceImpl - History of car received with vin of car:2C4GJ453XYR693697
[INFO ] 2021-05-10 10:27:24.825 [http-nio-8881-exec-8] AdvertServiceImpl - History of car received with vin of car:2C4GJ453XYR693697
[INFO ] 2021-05-10 10:27:49.466 [http-nio-8881-exec-2] AdvertServiceImpl - History of car received with vin of car:2C4GJ453XYR693697
[INFO ] 2021-05-10 10:29:02.659 [http-nio-8881-exec-10] AdvertServiceImpl - History of car received with vin of car:2C4GJ453XYR693697
[INFO ] 2021-05-10 10:29:16.670 [http-nio-8881-exec-1] AdvertServiceImpl - History of car received with vin of car:2C4GJ453XYR693697
[INFO ] 2021-05-10 10:29:32.517 [http-nio-8881-exec-4] AdvertServiceImpl - History of car received with vin of car:2C4GJ453XYR693697
[INFO ] 2021-05-10 10:30:39.984 [http-nio-8881-exec-2] AdvertServiceImpl - History of car received with vin of car:2C4GJ453XYR693697
[INFO ] 2021-05-10 10:30:57.305 [http-nio-8881-exec-3] AdvertServiceImpl - History of car received with vin of car:2C4GJ453XYR693697
[INFO ] 2021-05-10 10:32:00.639 [http-nio-8881-exec-1] AdvertServiceImpl - History of car received with vin of car:2C4GJ453XYR693697
[INFO ] 2021-05-10 10:32:23.107 [http-nio-8881-exec-4] AdvertServiceImpl - History of car received with vin of car:2C4GJ453XYR693697
[INFO ] 2021-05-10 10:34:09.531 [http-nio-8881-exec-2] AdvertServiceImpl - History of car received with vin of car:2C4GJ453XYR693697
[INFO ] 2021-05-10 10:37:09.755 [http-nio-8881-exec-10] AdvertServiceImpl - History of car received with vin of car:2C4GJ453XYR693697
[INFO ] 2021-05-10 10:40:26.140 [http-nio-8881-exec-5] AdvertServiceImpl - History of car received with vin of car:2C4GJ453XYR693697
[INFO ] 2021-05-10 10:41:18.584 [http-nio-8881-exec-5] AdvertServiceImpl - Received a page of all adverttismetns, page: 0 - size: 3, totalElements: 10 
[INFO ] 2021-05-10 10:41:20.468 [http-nio-8881-exec-9] AdvertServiceImpl - Received a page of all adverttismetns, page: 3 - size: 3, totalElements: 10 
[INFO ] 2021-05-10 10:41:23.008 [http-nio-8881-exec-8] AdvertServiceImpl - History of car received with vin of car:XW8ZZZ7PZDG005302
[INFO ] 2021-05-10 10:41:53.453 [http-nio-8881-exec-4] AdvertServiceImpl - History of car received with vin of car:XW8ZZZ7PZDG005302
[INFO ] 2021-05-10 10:42:36.079 [http-nio-8881-exec-9] AdvertServiceImpl - History of car received with vin of car:XW8ZZZ7PZDG005302
[INFO ] 2021-05-10 10:42:44.061 [http-nio-8881-exec-8] AdvertServiceImpl - History of car received with vin of car:XW8ZZZ7PZDG005302
[INFO ] 2021-05-10 10:43:04.518 [http-nio-8881-exec-4] AdvertServiceImpl - History of car received with vin of car:XW8ZZZ7PZDG005302
[INFO ] 2021-05-10 10:43:15.255 [http-nio-8881-exec-5] AdvertServiceImpl - History of car received with vin of car:XW8ZZZ7PZDG005302
[INFO ] 2021-05-10 10:43:37.067 [http-nio-8881-exec-7] AdvertServiceImpl - History of car received with vin of car:XW8ZZZ7PZDG005302
[INFO ] 2021-05-10 10:43:41.163 [http-nio-8881-exec-10] AdvertServiceImpl - History of car received with vin of car:XW8ZZZ7PZDG005302
[INFO ] 2021-05-10 10:44:19.371 [http-nio-8881-exec-1] AdvertServiceImpl - History of car received with vin of car:XW8ZZZ7PZDG005302
[INFO ] 2021-05-10 10:44:24.147 [http-nio-8881-exec-8] AdvertServiceImpl - History of car received with vin of car:XW8ZZZ7PZDG005302
[INFO ] 2021-05-10 10:44:33.918 [http-nio-8881-exec-4] AdvertServiceImpl - History of car received with vin of car:XW8ZZZ7PZDG005302
[INFO ] 2021-05-10 10:44:39.095 [http-nio-8881-exec-5] AdvertServiceImpl - History of car received with vin of car:XW8ZZZ7PZDG005302
[INFO ] 2021-05-10 10:44:42.652 [http-nio-8881-exec-2] AdvertServiceImpl - History of car received with vin of car:XW8ZZZ7PZDG005302
[INFO ] 2021-05-10 10:46:03.604 [http-nio-8881-exec-9] AdvertServiceImpl - History of car received with vin of car:XW8ZZZ7PZDG005302
[INFO ] 2021-05-10 10:47:15.836 [http-nio-8881-exec-6] AdvertServiceImpl - History of car received with vin of car:XW8ZZZ7PZDG005302
[INFO ] 2021-05-10 10:47:24.256 [http-nio-8881-exec-3] AdvertServiceImpl - History of car received with vin of car:XW8ZZZ7PZDG005302
[INFO ] 2021-05-10 10:48:21.094 [http-nio-8881-exec-2] AdvertServiceImpl - History of car received with vin of car:XW8ZZZ7PZDG005302
[INFO ] 2021-05-10 10:48:29.584 [http-nio-8881-exec-10] AdvertServiceImpl - History of car received with vin of car:XW8ZZZ7PZDG005302
[INFO ] 2021-05-10 10:48:41.260 [http-nio-8881-exec-1] AdvertServiceImpl - History of car received with vin of car:XW8ZZZ7PZDG005302
[INFO ] 2021-05-10 10:48:57.649 [http-nio-8881-exec-6] AdvertServiceImpl - History of car received with vin of car:XW8ZZZ7PZDG005302
[INFO ] 2021-05-10 10:49:01.948 [http-nio-8881-exec-4] AdvertServiceImpl - History of car received with vin of car:XW8ZZZ7PZDG005302
[INFO ] 2021-05-10 10:49:05.636 [http-nio-8881-exec-5] AdvertServiceImpl - History of car received with vin of car:XW8ZZZ7PZDG005302
[INFO ] 2021-05-10 10:49:11.848 [http-nio-8881-exec-7] AdvertServiceImpl - History of car received with vin of car:XW8ZZZ7PZDG005302
[INFO ] 2021-05-10 10:49:32.534 [http-nio-8881-exec-9] AdvertServiceImpl - History of car received with vin of car:XW8ZZZ7PZDG005302
[INFO ] 2021-05-10 10:49:59.395 [http-nio-8881-exec-8] AdvertServiceImpl - History of car received with vin of car:XW8ZZZ7PZDG005302
[INFO ] 2021-05-10 10:50:25.119 [http-nio-8881-exec-4] AdvertServiceImpl - History of car received with vin of car:XW8ZZZ7PZDG005302
[INFO ] 2021-05-10 10:50:31.684 [http-nio-8881-exec-5] AdvertServiceImpl - History of car received with vin of car:XW8ZZZ7PZDG005302
[INFO ] 2021-05-10 10:50:36.693 [http-nio-8881-exec-7] AdvertServiceImpl - History of car received with vin of car:XW8ZZZ7PZDG005302
[INFO ] 2021-05-10 10:51:11.507 [http-nio-8881-exec-9] AdvertServiceImpl - History of car received with vin of car:XW8ZZZ7PZDG005302
[INFO ] 2021-05-10 10:51:21.790 [http-nio-8881-exec-8] AdvertServiceImpl - History of car received with vin of car:XW8ZZZ7PZDG005302
[INFO ] 2021-05-10 10:51:35.114 [http-nio-8881-exec-4] AdvertServiceImpl - History of car received with vin of car:XW8ZZZ7PZDG005302
[INFO ] 2021-05-10 10:53:02.580 [http-nio-8881-exec-2] AdvertServiceImpl - History of car received with vin of car:XW8ZZZ7PZDG005302
[INFO ] 2021-05-10 10:53:58.429 [http-nio-8881-exec-10] AdvertServiceImpl - History of car received with vin of car:XW8ZZZ7PZDG005302
[INFO ] 2021-05-10 10:54:07.511 [http-nio-8881-exec-1] AdvertServiceImpl - History of car received with vin of car:XW8ZZZ7PZDG005302
[INFO ] 2021-05-10 10:54:33.285 [http-nio-8881-exec-6] AdvertServiceImpl - History of car received with vin of car:XW8ZZZ7PZDG005302
[INFO ] 2021-05-10 10:54:47.405 [http-nio-8881-exec-3] AdvertServiceImpl - History of car received with vin of car:XW8ZZZ7PZDG005302
[INFO ] 2021-05-10 10:54:55.910 [http-nio-8881-exec-2] AdvertServiceImpl - History of car received with vin of car:XW8ZZZ7PZDG005302
[INFO ] 2021-05-10 10:55:00.604 [http-nio-8881-exec-7] AdvertServiceImpl - History of car received with vin of car:XW8ZZZ7PZDG005302
[INFO ] 2021-05-10 10:55:05.085 [http-nio-8881-exec-9] AdvertServiceImpl - History of car received with vin of car:XW8ZZZ7PZDG005302
[INFO ] 2021-05-10 10:55:23.815 [http-nio-8881-exec-8] AdvertServiceImpl - History of car received with vin of car:XW8ZZZ7PZDG005302
[INFO ] 2021-05-10 10:56:00.494 [http-nio-8881-exec-4] AdvertServiceImpl - History of car received with vin of car:XW8ZZZ7PZDG005302
[INFO ] 2021-05-10 10:56:11.926 [http-nio-8881-exec-5] AdvertServiceImpl - History of car received with vin of car:XW8ZZZ7PZDG005302
[INFO ] 2021-05-10 10:56:18.726 [http-nio-8881-exec-7] AdvertServiceImpl - History of car received with vin of car:XW8ZZZ7PZDG005302
[INFO ] 2021-05-10 10:56:25.317 [http-nio-8881-exec-9] AdvertServiceImpl - History of car received with vin of car:XW8ZZZ7PZDG005302
[INFO ] 2021-05-10 10:56:40.511 [http-nio-8881-exec-8] AdvertServiceImpl - History of car received with vin of car:XW8ZZZ7PZDG005302
[INFO ] 2021-05-10 10:56:47.103 [http-nio-8881-exec-4] AdvertServiceImpl - History of car received with vin of car:XW8ZZZ7PZDG005302
[INFO ] 2021-05-10 10:57:32.906 [http-nio-8881-exec-5] AdvertServiceImpl - History of car received with vin of car:XW8ZZZ7PZDG005302
[INFO ] 2021-05-10 10:57:47.635 [http-nio-8881-exec-7] AdvertServiceImpl - History of car received with vin of car:XW8ZZZ7PZDG005302
[INFO ] 2021-05-10 10:58:49.474 [http-nio-8881-exec-1] AdvertServiceImpl - History of car received with vin of car:XW8ZZZ7PZDG005302
[INFO ] 2021-05-10 11:00:07.904 [http-nio-8881-exec-4] AdvertServiceImpl - History of car received with vin of car:XW8ZZZ7PZDG005302
[INFO ] 2021-05-10 11:01:41.346 [http-nio-8881-exec-2] AdvertServiceImpl - History of car received with vin of car:XW8ZZZ7PZDG005302
[INFO ] 2021-05-10 11:02:26.112 [http-nio-8881-exec-10] AdvertServiceImpl - Received a page of all adverttismetns, page: 0 - size: 3, totalElements: 10 
[INFO ] 2021-05-10 11:02:27.127 [http-nio-8881-exec-4] AdvertServiceImpl - History of car received with vin of car:2C4GJ453XYR693697
[INFO ] 2021-05-10 11:02:30.194 [http-nio-8881-exec-5] AdvertServiceImpl - Received a page of all adverttismetns, page: 0 - size: 3, totalElements: 10 
[INFO ] 2021-05-10 11:02:31.654 [http-nio-8881-exec-8] AdvertServiceImpl - Received a page of all adverttismetns, page: 3 - size: 3, totalElements: 10 
[INFO ] 2021-05-10 11:02:34.142 [http-nio-8881-exec-3] AdvertServiceImpl - History of car received with vin of car:XW8ZZZ7PZDG005302
[INFO ] 2021-05-10 11:02:50.650 [http-nio-8881-exec-1] AdvertServiceImpl - History of car received with vin of car:XW8ZZZ7PZDG005302
[INFO ] 2021-05-10 11:02:57.876 [http-nio-8881-exec-7] AdvertServiceImpl - History of car received with vin of car:XW8ZZZ7PZDG005302
[INFO ] 2021-05-10 11:03:20.404 [http-nio-8881-exec-5] AdvertServiceImpl - History of car received with vin of car:XW8ZZZ7PZDG005302
[INFO ] 2021-05-10 11:04:00.533 [http-nio-8881-exec-1] AdvertServiceImpl - History of car received with vin of car:XW8ZZZ7PZDG005302
[INFO ] 2021-05-10 11:05:44.327 [http-nio-8881-exec-6] AdvertServiceImpl - History of car received with vin of car:XW8ZZZ7PZDG005302
[INFO ] 2021-05-10 11:05:51.467 [http-nio-8881-exec-8] AdvertServiceImpl - History of car received with vin of car:XW8ZZZ7PZDG005302
[INFO ] 2021-05-10 11:09:26.091 [http-nio-8881-exec-3] AdvertServiceImpl - History of car received with vin of car:XW8ZZZ7PZDG005302
[INFO ] 2021-05-10 11:09:44.623 [http-nio-8881-exec-1] AdvertServiceImpl - History of car received with vin of car:XW8ZZZ7PZDG005302
[INFO ] 2021-05-10 11:10:05.889 [http-nio-8881-exec-7] AdvertServiceImpl - History of car received with vin of car:XW8ZZZ7PZDG005302
[INFO ] 2021-05-10 11:10:20.570 [http-nio-8881-exec-5] AdvertServiceImpl - History of car received with vin of car:XW8ZZZ7PZDG005302
[INFO ] 2021-05-10 11:10:51.757 [http-nio-8881-exec-10] AdvertServiceImpl - History of car received with vin of car:XW8ZZZ7PZDG005302
[INFO ] 2021-05-10 11:11:18.496 [http-nio-8881-exec-3] AdvertServiceImpl - History of car received with vin of car:XW8ZZZ7PZDG005302
[INFO ] 2021-05-10 11:11:27.038 [http-nio-8881-exec-1] AdvertServiceImpl - History of car received with vin of car:XW8ZZZ7PZDG005302
[INFO ] 2021-05-10 11:14:04.736 [http-nio-8881-exec-6] AdvertServiceImpl - History of car received with vin of car:XW8ZZZ7PZDG005302
[INFO ] 2021-05-10 11:15:16.367 [http-nio-8881-exec-10] AdvertServiceImpl - History of car received with vin of car:XW8ZZZ7PZDG005302
[INFO ] 2021-05-10 11:19:04.594 [http-nio-8881-exec-4] AdvertServiceImpl - History of car received with vin of car:XW8ZZZ7PZDG005302
[INFO ] 2021-05-10 11:19:17.368 [http-nio-8881-exec-2] AdvertServiceImpl - History of car received with vin of car:XW8ZZZ7PZDG005302
[INFO ] 2021-05-10 11:19:36.761 [http-nio-8881-exec-6] AdvertServiceImpl - History of car received with vin of car:XW8ZZZ7PZDG005302
[INFO ] 2021-05-10 11:19:51.729 [http-nio-8881-exec-8] AdvertServiceImpl - History of car received with vin of car:XW8ZZZ7PZDG005302
[INFO ] 2021-05-10 11:20:36.477 [http-nio-8881-exec-9] AdvertServiceImpl - History of car received with vin of car:XW8ZZZ7PZDG005302
[INFO ] 2021-05-10 11:20:47.663 [http-nio-8881-exec-4] AdvertServiceImpl - History of car received with vin of car:XW8ZZZ7PZDG005302
[INFO ] 2021-05-10 11:20:53.147 [http-nio-8881-exec-2] AdvertServiceImpl - History of car received with vin of car:XW8ZZZ7PZDG005302
[INFO ] 2021-05-10 11:21:08.857 [http-nio-8881-exec-6] AdvertServiceImpl - History of car received with vin of car:XW8ZZZ7PZDG005302
[INFO ] 2021-05-10 11:23:19.269 [http-nio-8881-exec-10] AdvertServiceImpl - History of car received with vin of car:XW8ZZZ7PZDG005302
[INFO ] 2021-05-10 11:23:45.616 [http-nio-8881-exec-3] AdvertServiceImpl - History of car received with vin of car:XW8ZZZ7PZDG005302
[INFO ] 2021-05-10 11:24:07.813 [http-nio-8881-exec-1] AdvertServiceImpl - History of car received with vin of car:XW8ZZZ7PZDG005302
[INFO ] 2021-05-10 11:24:40.208 [http-nio-8881-exec-7] AdvertServiceImpl - History of car received with vin of car:XW8ZZZ7PZDG005302
[INFO ] 2021-05-10 11:24:53.606 [http-nio-8881-exec-8] AdvertServiceImpl - Received a page of all adverttismetns, page: 0 - size: 3, totalElements: 10 
[INFO ] 2021-05-10 11:24:54.910 [http-nio-8881-exec-1] AdvertServiceImpl - Received a page of all adverttismetns, page: 3 - size: 3, totalElements: 10 
[INFO ] 2021-05-10 11:24:56.171 [http-nio-8881-exec-7] AdvertServiceImpl - Advertisement received with id:52
[INFO ] 2021-05-10 11:24:57.241 [http-nio-8881-exec-6] AdvertServiceImpl - Received a page of all adverttismetns, page: 0 - size: 3, totalElements: 10 
[INFO ] 2021-05-10 11:24:59.382 [http-nio-8881-exec-8] AdvertServiceImpl - Received a page of all adverttismetns, page: 3 - size: 3, totalElements: 10 
[INFO ] 2021-05-10 11:25:01.311 [http-nio-8881-exec-1] AdvertServiceImpl - History of car received with vin of car:XW8ZZZ7PZDG005302
[INFO ] 2021-05-10 11:25:07.380 [http-nio-8881-exec-5] AdvertServiceImpl - Received a page of all adverttismetns, page: 0 - size: 3, totalElements: 10 
[INFO ] 2021-05-10 11:25:08.491 [http-nio-8881-exec-2] AdvertServiceImpl - History of car received with vin of car:2C4GJ453XYR693697
[INFO ] 2021-05-10 11:27:15.347 [http-nio-8881-exec-5] AdvertServiceImpl - History of car received with vin of car:2C4GJ453XYR693697
[INFO ] 2021-05-10 11:29:03.383 [http-nio-8881-exec-2] AdvertServiceImpl - History of car received with vin of car:2C4GJ453XYR693697
[INFO ] 2021-05-10 11:29:19.473 [http-nio-8881-exec-8] AdvertServiceImpl - History of car received with vin of car:2C4GJ453XYR693697
[INFO ] 2021-05-10 11:30:09.262 [http-nio-8881-exec-6] AdvertServiceImpl - History of car received with vin of car:2C4GJ453XYR693697
[INFO ] 2021-05-10 11:32:32.940 [http-nio-8881-exec-5] AdvertServiceImpl - History of car received with vin of car:2C4GJ453XYR693697
[INFO ] 2021-05-10 11:32:48.518 [http-nio-8881-exec-7] AdvertServiceImpl - History of car received with vin of car:2C4GJ453XYR693697
[INFO ] 2021-05-10 11:33:50.419 [http-nio-8881-exec-8] AdvertServiceImpl - History of car received with vin of car:2C4GJ453XYR693697
[INFO ] 2021-05-10 11:36:30.292 [http-nio-8881-exec-4] AdvertServiceImpl - Advertisement received with id:28
[INFO ] 2021-05-10 11:36:36.053 [http-nio-8881-exec-5] AdvertServiceImpl - History of car received with vin of car:2C4GJ453XYR693697
[INFO ] 2021-05-10 11:36:37.607 [http-nio-8881-exec-3] AdvertServiceImpl - Received a page of all adverttismetns, page: 0 - size: 3, totalElements: 10 
[INFO ] 2021-05-10 16:15:16.561 [http-nio-8881-exec-6] AdvertServiceImpl - Received a page of all adverttismetns, page: 0 - size: 3, totalElements: 10 
[INFO ] 2021-05-10 18:03:08.224 [http-nio-8881-exec-6] AdvertServiceImpl - Received a page of all adverttismetns, page: 0 - size: 3, totalElements: 10 
[INFO ] 2021-05-10 18:09:43.953 [http-nio-8881-exec-9] AdvertServiceImpl - Received a page of all adverttismetns, page: 0 - size: 3, totalElements: 10 
[INFO ] 2021-05-10 18:09:54.964 [http-nio-8881-exec-1] AdvertServiceImpl - Received a page of all adverttismetns, page: 0 - size: 3, totalElements: 10 
[INFO ] 2021-05-10 18:09:58.086 [http-nio-8881-exec-7] AdvertServiceImpl - History of car received with vin of car:2C4GJ453XYR693697
[INFO ] 2021-05-10 18:10:08.841 [http-nio-8881-exec-9] AdvertServiceImpl - Advertisement received with id:28
[INFO ] 2021-05-10 18:10:13.413 [http-nio-8881-exec-2] AdvertServiceImpl - History of car received with vin of car:2C4GJ453XYR693697
[INFO ] 2021-05-10 18:10:15.805 [http-nio-8881-exec-7] AdvertServiceImpl - Received a page of all adverttismetns, page: 0 - size: 3, totalElements: 10 
[INFO ] 2021-05-10 18:10:18.329 [http-nio-8881-exec-1] AdvertServiceImpl - Received a page of all adverttismetns, page: 3 - size: 3, totalElements: 10 
[INFO ] 2021-05-10 18:10:20.037 [http-nio-8881-exec-10] AdvertServiceImpl - History of car received with vin of car:XW8ZZZ7PZDG005302
[INFO ] 2021-05-10 18:10:26.990 [http-nio-8881-exec-9] AdvertServiceImpl - Received a page of all adverttismetns, page: 0 - size: 3, totalElements: 10 
[INFO ] 2021-05-10 18:10:45.065 [http-nio-8881-exec-1] AdvertServiceImpl - Received a page of all adverttismetns, page: 0 - size: 3, totalElements: 10 
[INFO ] 2021-05-10 18:10:46.989 [http-nio-8881-exec-7] AdvertServiceImpl - History of car received with vin of car:WAGGJ453A67693134
[INFO ] 2021-05-10 18:10:52.055 [http-nio-8881-exec-3] AdvertServiceImpl - History of car received with vin of car:WAGGJ453A67693134
[INFO ] 2021-05-10 18:15:33.183 [http-nio-8881-exec-9] AdvertServiceImpl - Received a page of all adverttismetns, page: 0 - size: 3, totalElements: 10 
[INFO ] 2021-05-10 18:15:55.263 [http-nio-8881-exec-10] AdvertServiceImpl - Advertisement received with id:2
[INFO ] 2021-05-10 18:16:14.975 [http-nio-8881-exec-4] AdvertServiceImpl - Received a page of all adverttismetns, page: 0 - size: 3, totalElements: 10 
[INFO ] 2021-05-10 18:16:16.061 [http-nio-8881-exec-7] AdvertServiceImpl - Advertisement received with id:2
[INFO ] 2021-05-10 18:16:17.044 [http-nio-8881-exec-1] AdvertServiceImpl - Received a page of all adverttismetns, page: 0 - size: 3, totalElements: 10 
[INFO ] 2021-05-10 18:16:17.858 [http-nio-8881-exec-4] AdvertServiceImpl - History of car received with vin of car:WAGGJ453A67693134
[INFO ] 2021-05-10 18:16:23.553 [http-nio-8881-exec-5] AdvertServiceImpl - Received a page of all adverttismetns, page: 0 - size: 3, totalElements: 10 
[INFO ] 2021-05-10 18:16:29.273 [http-nio-8881-exec-7] AdvertServiceImpl - History of car received with vin of car:WAGAJ453A56693541
[INFO ] 2021-05-10 18:16:38.950 [http-nio-8881-exec-3] AdvertServiceImpl - Received a page of all adverttismetns, page: 0 - size: 3, totalElements: 10 
[INFO ] 2021-05-10 18:16:44.976 [http-nio-8881-exec-8] AdvertServiceImpl - History of car received with vin of car:WAGAJ453A56693541
[INFO ] 2021-05-10 18:18:00.503 [http-nio-8881-exec-10] AdvertServiceImpl - Received a page of all adverttismetns, page: 0 - size: 3, totalElements: 10 
[INFO ] 2021-05-10 18:19:38.818 [http-nio-8881-exec-2] AdvertServiceImpl - History of car received with vin of car:2C4GJ453XYR693697
[INFO ] 2021-05-10 18:19:42.766 [http-nio-8881-exec-8] AdvertServiceImpl - Received a page of all adverttismetns, page: 0 - size: 3, totalElements: 10 
[INFO ] 2021-05-10 18:19:45.348 [http-nio-8881-exec-3] AdvertServiceImpl - History of car received with vin of car:2C4GJ453XYR693697
[INFO ] 2021-05-10 18:19:46.977 [http-nio-8881-exec-5] AdvertServiceImpl - Received a page of all adverttismetns, page: 0 - size: 3, totalElements: 10 
[INFO ] 2021-05-10 18:19:50.840 [http-nio-8881-exec-10] AdvertServiceImpl - History of car received with vin of car:WAGGJ453A67693134
[INFO ] 2021-05-10 18:20:03.815 [http-nio-8881-exec-7] AdvertServiceImpl - Received a page of all adverttismetns, page: 0 - size: 3, totalElements: 10 
[INFO ] 2021-05-10 18:20:07.960 [http-nio-8881-exec-4] AdvertServiceImpl - History of car received with vin of car:WAGAJ453A56693541
[INFO ] 2021-05-10 18:20:14.072 [http-nio-8881-exec-7] AdvertServiceImpl - Received a page of all adverttismetns, page: 0 - size: 3, totalElements: 10 
[INFO ] 2021-05-10 18:20:41.092 [http-nio-8881-exec-1] AdvertServiceImpl - History of car received with vin of car:2C4GJ453XYR693697
[INFO ] 2021-05-10 18:20:42.483 [http-nio-8881-exec-2] AdvertServiceImpl - History of car received with vin of car:2C4GJ453XYR693697
[INFO ] 2021-05-10 18:20:46.655 [http-nio-8881-exec-8] AdvertServiceImpl - Received a page of all adverttismetns, page: 0 - size: 3, totalElements: 10 
[INFO ] 2021-05-10 18:21:23.223 [http-nio-8881-exec-3] AdvertServiceImpl - Received a page of all adverttismetns, page: 0 - size: 3, totalElements: 10 
[INFO ] 2021-05-10 18:21:28.591 [http-nio-8881-exec-4] AdvertServiceImpl - History of car received with vin of car:2C4GJ453XYR693697
[INFO ] 2021-05-10 18:21:51.417 [http-nio-8881-exec-2] AdvertServiceImpl - History of car received with vin of car:2C4GJ453XYR693697
[INFO ] 2021-05-10 18:22:00.849 [http-nio-8881-exec-6] AdvertServiceImpl - Received a page of all adverttismetns, page: 0 - size: 3, totalElements: 10 
[INFO ] 2021-05-10 18:22:04.262 [http-nio-8881-exec-4] AdvertServiceImpl - History of car received with vin of car:WAGGJ453A67693134
[INFO ] 2021-05-10 19:13:11.486 [http-nio-8881-exec-3] AdvertServiceImpl - Received a page of all adverttismetns, page: 0 - size: 3, totalElements: 10 
[INFO ] 2021-05-10 19:13:23.280 [http-nio-8881-exec-2] AdvertServiceImpl - Received a page of all adverttismetns, page: 0 - size: 3, totalElements: 10 
[INFO ] 2021-05-10 19:13:34.601 [http-nio-8881-exec-5] AdvertServiceImpl - History of car received with vin of car:2C4GJ453XYR693697
[INFO ] 2021-05-10 19:15:41.540 [http-nio-8881-exec-2] AdvertServiceImpl - History of car received with vin of car:2C4GJ453XYR693697
[INFO ] 2021-05-10 19:15:59.850 [http-nio-8881-exec-4] AdvertServiceImpl - History of car received with vin of car:2C4GJ453XYR693697
[INFO ] 2021-05-10 19:16:09.131 [http-nio-8881-exec-3] AdvertServiceImpl - History of car received with vin of car:2C4GJ453XYR693697
[INFO ] 2021-05-10 19:17:01.762 [http-nio-8881-exec-7] AdvertServiceImpl - History of car received with vin of car:2C4GJ453XYR693697
[INFO ] 2021-05-10 19:17:02.013 [http-nio-8881-exec-9] AdvertServiceImpl - History of car received with vin of car:2C4GJ453XYR693697
[INFO ] 2021-05-10 19:17:47.066 [http-nio-8881-exec-2] AdvertServiceImpl - Received a page of all adverttismetns, page: 0 - size: 3, totalElements: 10 
[INFO ] 2021-05-10 19:17:48.070 [http-nio-8881-exec-10] AdvertServiceImpl - Received a page of all adverttismetns, page: 0 - size: 3, totalElements: 10 
[INFO ] 2021-05-10 19:17:49.455 [http-nio-8881-exec-7] AdvertServiceImpl - History of car received with vin of car:2C4GJ453XYR693697
[INFO ] 2021-05-10 19:20:04.948 [http-nio-8881-exec-10] AdvertServiceImpl - History of car received with vin of car:2C4GJ453XYR693697
[INFO ] 2021-05-10 19:20:08.548 [http-nio-8881-exec-7] AdvertServiceImpl - Received a page of all adverttismetns, page: 0 - size: 3, totalElements: 10 
[INFO ] 2021-05-10 19:20:10.009 [http-nio-8881-exec-5] AdvertServiceImpl - History of car received with vin of car:2C4GJ453XYR693697
[INFO ] 2021-05-10 19:20:12.199 [http-nio-8881-exec-9] AdvertServiceImpl - Received a page of all adverttismetns, page: 0 - size: 3, totalElements: 10 
[INFO ] 2021-05-10 19:20:14.921 [http-nio-8881-exec-7] AdvertServiceImpl - History of car received with vin of car:WAGGJ453A67693134
[INFO ] 2021-05-10 19:20:39.637 [http-nio-8881-exec-3] AdvertServiceImpl - History of car received with vin of car:WAGGJ453A67693134
[INFO ] 2021-05-10 19:20:42.794 [http-nio-8881-exec-1] AdvertServiceImpl - Received a page of all adverttismetns, page: 0 - size: 3, totalElements: 10 
[INFO ] 2021-05-10 19:20:46.033 [http-nio-8881-exec-6] AdvertServiceImpl - History of car received with vin of car:WAGAJ453A56693541
[INFO ] 2021-05-10 19:21:08.273 [http-nio-8881-exec-7] AdvertServiceImpl - Received a page of all adverttismetns, page: 0 - size: 3, totalElements: 10 
[INFO ] 2021-05-10 19:21:09.402 [http-nio-8881-exec-4] AdvertServiceImpl - Received a page of all adverttismetns, page: 0 - size: 3, totalElements: 10 
[INFO ] 2021-05-10 19:21:12.437 [http-nio-8881-exec-3] AdvertServiceImpl - Received a page of all adverttismetns, page: 1 - size: 3, totalElements: 10 
[INFO ] 2021-05-10 19:21:18.065 [http-nio-8881-exec-5] AdvertServiceImpl - History of car received with vin of car:34CGJ45KGH3613617
[INFO ] 2021-05-10 19:21:25.045 [http-nio-8881-exec-4] AdvertServiceImpl - Received a page of all adverttismetns, page: 0 - size: 3, totalElements: 10 
[INFO ] 2021-05-10 19:21:27.595 [http-nio-8881-exec-2] AdvertServiceImpl - Received a page of all adverttismetns, page: 1 - size: 3, totalElements: 10 
[INFO ] 2021-05-10 19:21:33.932 [http-nio-8881-exec-7] AdvertServiceImpl - History of car received with vin of car:2C4GJ453XYR693111
[INFO ] 2021-05-10 19:21:37.874 [http-nio-8881-exec-3] AdvertServiceImpl - Received a page of all adverttismetns, page: 0 - size: 3, totalElements: 10 
[INFO ] 2021-05-10 19:21:39.469 [http-nio-8881-exec-10] AdvertServiceImpl - Received a page of all adverttismetns, page: 1 - size: 3, totalElements: 10 
[INFO ] 2021-05-10 19:21:49.019 [http-nio-8881-exec-5] AdvertServiceImpl - History of car received with vin of car:LAFFH11A676945341
[INFO ] 2021-05-10 19:21:50.027 [http-nio-8881-exec-4] AdvertServiceImpl - Received a page of all adverttismetns, page: 0 - size: 3, totalElements: 10 
[INFO ] 2021-05-10 19:21:51.163 [http-nio-8881-exec-9] AdvertServiceImpl - Received a page of all adverttismetns, page: 2 - size: 3, totalElements: 10 
[INFO ] 2021-05-10 19:21:56.433 [http-nio-8881-exec-3] AdvertServiceImpl - History of car received with vin of car:JTHCH96S960012271
[INFO ] 2021-05-10 19:22:06.938 [http-nio-8881-exec-2] AdvertServiceImpl - Received a page of all adverttismetns, page: 0 - size: 3, totalElements: 10 
[INFO ] 2021-05-10 19:22:08.570 [http-nio-8881-exec-1] AdvertServiceImpl - Received a page of all adverttismetns, page: 2 - size: 3, totalElements: 10 
[INFO ] 2021-05-10 19:22:14.027 [http-nio-8881-exec-5] AdvertServiceImpl - History of car received with vin of car:4F2YU08102KM26251
[INFO ] 2021-05-10 19:22:31.727 [http-nio-8881-exec-8] AdvertServiceImpl - History of car received with vin of car:4F2YU08102KM26251
