[INFO ] 2021-05-10 05:40:35.563 [main] CacheSupport - in postconstruct
[INFO ] 2021-05-10 05:42:09.905 [main] CacheSupport - in postconstruct
[INFO ] 2021-05-10 05:45:53.135 [SpringContextShutdownHook] CacheSupport - in PreDestroy
[INFO ] 2021-05-10 05:52:17.345 [main] CacheSupport - in postconstruct
[INFO ] 2021-05-10 05:52:55.777 [SpringContextShutdownHook] CacheSupport - in PreDestroy
[INFO ] 2021-05-10 05:54:11.207 [main] CacheSupport - in postconstruct
[INFO ] 2021-05-10 05:54:40.039 [SpringContextShutdownHook] CacheSupport - in PreDestroy
[INFO ] 2021-05-10 05:56:12.389 [main] CacheSupport - in postconstruct
[INFO ] 2021-05-10 05:57:41.894 [main] CacheSupport - in postconstruct
[INFO ] 2021-05-10 05:59:55.209 [main] CacheSupport - in postconstruct
[INFO ] 2021-05-10 06:07:36.092 [main] CacheSupport - in postconstruct
[INFO ] 2021-05-10 09:13:22.091 [http-nio-8881-exec-7] ApiServiceImpl - in getTaxiInfo vin2C4GJ453XYR693543
[INFO ] 2021-05-10 09:13:22.098 [http-nio-8881-exec-7] ReportApi - Receiving data from an external api:https://ygibdd.ru/parserapi/v1/gibdd/, vin:2C4GJ453XYR693543 
[INFO ] 2021-05-10 09:13:24.505 [http-nio-8881-exec-5] ApiServiceImpl - in getTaxiInfo vin2C4GJ453XYR693543
[INFO ] 2021-05-10 09:13:24.505 [http-nio-8881-exec-5] ReportApi - Receiving data from an external api:https://ygibdd.ru/parserapi/v1/gibdd/, vin:2C4GJ453XYR693543 
[INFO ] 2021-05-10 09:15:27.634 [http-nio-8881-exec-2] ApiServiceImpl - in getTaxiInfo vin2C4GJ453XYR693543
[INFO ] 2021-05-10 09:15:39.127 [http-nio-8881-exec-1] ApiServiceImpl - in getTaxiInfo vin2C4GJ453XYR693697
[INFO ] 2021-05-10 09:16:39.646 [http-nio-8881-exec-5] ApiServiceImpl - in getTaxiInfo vin2C4GJ453XYR693697
[INFO ] 2021-05-10 09:16:52.773 [http-nio-8881-exec-2] ApiServiceImpl - in getTaxiInfo vin2C4GJ453XYR693697
[INFO ] 2021-05-10 09:17:02.461 [http-nio-8881-exec-6] ApiServiceImpl - in getTaxiInfo vin2C4GJ453XYR693697
[INFO ] 2021-05-10 09:17:36.529 [main] CacheSupport - in postconstruct
[INFO ] 2021-05-10 09:18:29.542 [http-nio-8881-exec-4] ApiServiceImpl - in getTaxiInfo vin2C4GJ453XYR693697
[INFO ] 2021-05-10 09:24:57.819 [http-nio-8881-exec-5] ApiServiceImpl - in getTaxiInfo vin2C4GJ453XYR693697
[INFO ] 2021-05-10 09:30:18.105 [http-nio-8881-exec-2] ApiServiceImpl - in getTaxiInfo vin2C4GJ453XYR693697
[INFO ] 2021-05-10 09:30:30.260 [http-nio-8881-exec-1] ApiServiceImpl - in getTaxiInfo vin2C4GJ453XYR693697
[INFO ] 2021-05-10 09:30:40.014 [http-nio-8881-exec-7] ApiServiceImpl - in getTaxiInfo vin2C4GJ453XYR693697
[INFO ] 2021-05-10 09:30:46.152 [http-nio-8881-exec-8] ApiServiceImpl - in getTaxiInfo vin2C4GJ453XYR693697
[INFO ] 2021-05-10 09:43:32.228 [http-nio-8881-exec-3] ApiServiceImpl - in getTaxiInfo vin2C4GJ453XYR693697
[INFO ] 2021-05-10 09:43:43.616 [http-nio-8881-exec-4] ApiServiceImpl - in getTaxiInfo vin2C4GJ453XYR693697
[INFO ] 2021-05-10 09:44:09.424 [http-nio-8881-exec-9] ApiServiceImpl - in getTaxiInfo vin2C4GJ453XYR693697
[INFO ] 2021-05-10 09:44:14.540 [http-nio-8881-exec-2] ApiServiceImpl - in getTaxiInfo vin2C4GJ453XYR693697
[INFO ] 2021-05-10 09:44:26.110 [http-nio-8881-exec-5] ApiServiceImpl - in getTaxiInfo vin2C4GJ453XYR693697
[INFO ] 2021-05-10 09:44:38.792 [http-nio-8881-exec-3] ApiServiceImpl - in getTaxiInfo vin2C4GJ453XYR693697
[INFO ] 2021-05-10 09:46:38.810 [http-nio-8881-exec-8] ApiServiceImpl - in getTaxiInfo vin2C4GJ453XYR693697
[INFO ] 2021-05-10 09:47:31.918 [http-nio-8881-exec-2] ApiServiceImpl - in getTaxiInfo vin2C4GJ453XYR693697
[INFO ] 2021-05-10 09:47:54.852 [http-nio-8881-exec-9] ApiServiceImpl - in getTaxiInfo vin2C4GJ453XYR693697
[INFO ] 2021-05-10 09:51:55.338 [http-nio-8881-exec-7] ApiServiceImpl - in getTaxiInfo vin2C4GJ453XYR693697
[INFO ] 2021-05-10 09:52:42.892 [http-nio-8881-exec-10] ApiServiceImpl - in getTaxiInfo vin2C4GJ453XYR693697
[INFO ] 2021-05-10 09:54:13.368 [http-nio-8881-exec-1] ApiServiceImpl - in getTaxiInfo vin2C4GJ453XYR693697
[INFO ] 2021-05-10 09:57:59.848 [http-nio-8881-exec-6] ApiServiceImpl - in getTaxiInfo vin2C4GJ453XYR693697
[INFO ] 2021-05-10 09:59:34.054 [http-nio-8881-exec-2] ApiServiceImpl - in getTaxiInfo vin2C4GJ453XYR693697
[INFO ] 2021-05-10 09:59:57.443 [http-nio-8881-exec-9] ApiServiceImpl - in getTaxiInfo vin2C4GJ453XYR693697
[INFO ] 2021-05-10 10:00:05.788 [http-nio-8881-exec-1] ApiServiceImpl - in getTaxiInfo vin2C4GJ453XYR693697
[INFO ] 2021-05-10 10:00:29.358 [http-nio-8881-exec-8] ApiServiceImpl - in getTaxiInfo vin2C4GJ453XYR693697
[INFO ] 2021-05-10 10:01:20.806 [http-nio-8881-exec-5] ApiServiceImpl - in getTaxiInfo vin2C4GJ453XYR693697
[INFO ] 2021-05-10 10:01:40.960 [http-nio-8881-exec-2] ApiServiceImpl - in getTaxiInfo vin2C4GJ453XYR693697
[INFO ] 2021-05-10 10:01:55.457 [http-nio-8881-exec-9] ApiServiceImpl - in getTaxiInfo vin2C4GJ453XYR693697
[INFO ] 2021-05-10 10:02:02.193 [http-nio-8881-exec-1] ApiServiceImpl - in getTaxiInfo vin2C4GJ453XYR693697
[INFO ] 2021-05-10 10:02:10.263 [http-nio-8881-exec-8] ApiServiceImpl - in getTaxiInfo vin2C4GJ453XYR693697
[INFO ] 2021-05-10 10:02:25.136 [http-nio-8881-exec-5] ApiServiceImpl - in getTaxiInfo vin2C4GJ453XYR693697
[INFO ] 2021-05-10 10:02:38.405 [http-nio-8881-exec-2] ApiServiceImpl - in getTaxiInfo vin2C4GJ453XYR693697
[INFO ] 2021-05-10 10:03:16.913 [http-nio-8881-exec-9] ApiServiceImpl - in getTaxiInfo vin2C4GJ453XYR693697
[INFO ] 2021-05-10 10:03:40.695 [http-nio-8881-exec-1] ApiServiceImpl - in getTaxiInfo vin2C4GJ453XYR693697
[INFO ] 2021-05-10 10:04:08.147 [http-nio-8881-exec-8] ApiServiceImpl - in getTaxiInfo vin2C4GJ453XYR693697
[INFO ] 2021-05-10 10:04:41.506 [http-nio-8881-exec-5] ApiServiceImpl - in getTaxiInfo vin2C4GJ453XYR693697
[INFO ] 2021-05-10 10:04:58.442 [http-nio-8881-exec-2] ApiServiceImpl - in getTaxiInfo vin2C4GJ453XYR693697
[INFO ] 2021-05-10 10:05:09.914 [http-nio-8881-exec-9] ApiServiceImpl - in getTaxiInfo vin2C4GJ453XYR693697
[INFO ] 2021-05-10 10:05:18.367 [http-nio-8881-exec-1] ApiServiceImpl - in getTaxiInfo vin2C4GJ453XYR693697
[INFO ] 2021-05-10 10:06:59.268 [http-nio-8881-exec-6] ApiServiceImpl - in getTaxiInfo vin2C4GJ453XYR693697
[INFO ] 2021-05-10 10:07:50.033 [http-nio-8881-exec-7] ApiServiceImpl - in getTaxiInfo vin2C4GJ453XYR693697
[INFO ] 2021-05-10 10:08:17.451 [http-nio-8881-exec-10] ApiServiceImpl - in getTaxiInfo vin2C4GJ453XYR693697
[INFO ] 2021-05-10 10:08:21.675 [http-nio-8881-exec-9] ApiServiceImpl - in getTaxiInfo vin2C4GJ453XYR693697
[INFO ] 2021-05-10 10:08:26.322 [http-nio-8881-exec-1] ApiServiceImpl - in getTaxiInfo vin2C4GJ453XYR693697
[INFO ] 2021-05-10 10:08:30.130 [http-nio-8881-exec-4] ApiServiceImpl - in getTaxiInfo vin2C4GJ453XYR693697
[INFO ] 2021-05-10 10:08:31.234 [http-nio-8881-exec-8] ApiServiceImpl - in getTaxiInfo vin2C4GJ453XYR693697
[INFO ] 2021-05-10 10:08:45.686 [http-nio-8881-exec-5] ApiServiceImpl - in getTaxiInfo vin2C4GJ453XYR693697
[INFO ] 2021-05-10 10:09:00.839 [http-nio-8881-exec-2] ApiServiceImpl - in getTaxiInfo vin2C4GJ453XYR693697
[INFO ] 2021-05-10 10:09:15.926 [http-nio-8881-exec-9] ApiServiceImpl - in getTaxiInfo vin2C4GJ453XYR693697
[INFO ] 2021-05-10 10:09:26.237 [http-nio-8881-exec-1] ApiServiceImpl - in getTaxiInfo vin2C4GJ453XYR693697
[INFO ] 2021-05-10 10:09:41.905 [http-nio-8881-exec-8] ApiServiceImpl - in getTaxiInfo vin2C4GJ453XYR693697
[INFO ] 2021-05-10 10:09:50.407 [http-nio-8881-exec-5] ApiServiceImpl - in getTaxiInfo vin2C4GJ453XYR693697
[INFO ] 2021-05-10 10:10:00.690 [http-nio-8881-exec-2] ApiServiceImpl - in getTaxiInfo vin2C4GJ453XYR693697
[INFO ] 2021-05-10 10:10:09.667 [http-nio-8881-exec-9] ApiServiceImpl - in getTaxiInfo vin2C4GJ453XYR693697
[INFO ] 2021-05-10 10:10:20.336 [http-nio-8881-exec-1] ApiServiceImpl - in getTaxiInfo vin2C4GJ453XYR693697
[INFO ] 2021-05-10 10:10:37.777 [http-nio-8881-exec-8] ApiServiceImpl - in getTaxiInfo vin2C4GJ453XYR693697
[INFO ] 2021-05-10 10:10:53.309 [http-nio-8881-exec-5] ApiServiceImpl - in getTaxiInfo vin2C4GJ453XYR693697
[INFO ] 2021-05-10 10:11:07.059 [http-nio-8881-exec-2] ApiServiceImpl - in getTaxiInfo vin2C4GJ453XYR693697
[INFO ] 2021-05-10 10:13:37.197 [http-nio-8881-exec-3] ApiServiceImpl - in getTaxiInfo vin2C4GJ453XYR693697
[INFO ] 2021-05-10 10:14:01.966 [http-nio-8881-exec-4] ApiServiceImpl - in getTaxiInfo vin2C4GJ453XYR693697
[INFO ] 2021-05-10 10:15:35.440 [http-nio-8881-exec-5] ApiServiceImpl - in getTaxiInfo vin2C4GJ453XYR693697
[INFO ] 2021-05-10 10:16:29.678 [http-nio-8881-exec-2] ApiServiceImpl - in getTaxiInfo vin2C4GJ453XYR693697
[INFO ] 2021-05-10 10:16:47.768 [http-nio-8881-exec-9] ApiServiceImpl - in getTaxiInfo vin2C4GJ453XYR693697
[INFO ] 2021-05-10 10:19:09.724 [http-nio-8881-exec-4] ApiServiceImpl - in getTaxiInfo vin2C4GJ453XYR693697
[INFO ] 2021-05-10 10:20:01.463 [http-nio-8881-exec-6] ApiServiceImpl - in getTaxiInfo vin2C4GJ453XYR693697
[INFO ] 2021-05-10 10:20:14.845 [http-nio-8881-exec-7] ApiServiceImpl - in getTaxiInfo vin2C4GJ453XYR693697
[INFO ] 2021-05-10 10:20:26.061 [http-nio-8881-exec-10] ApiServiceImpl - in getTaxiInfo vin2C4GJ453XYR693697
[INFO ] 2021-05-10 10:20:46.528 [http-nio-8881-exec-3] ApiServiceImpl - in getTaxiInfo vin2C4GJ453XYR693697
[INFO ] 2021-05-10 10:20:50.489 [http-nio-8881-exec-1] ApiServiceImpl - in getTaxiInfo vin2C4GJ453XYR693697
[INFO ] 2021-05-10 10:21:22.601 [http-nio-8881-exec-8] ApiServiceImpl - in getTaxiInfo vin2C4GJ453XYR693697
[INFO ] 2021-05-10 10:22:28.634 [http-nio-8881-exec-7] ApiServiceImpl - in getTaxiInfo vin2C4GJ453XYR693697
[INFO ] 2021-05-10 10:22:40.033 [http-nio-8881-exec-10] ApiServiceImpl - in getTaxiInfo vin2C4GJ453XYR693697
[INFO ] 2021-05-10 10:22:47.689 [http-nio-8881-exec-3] ApiServiceImpl - in getTaxiInfo vin2C4GJ453XYR693697
[INFO ] 2021-05-10 10:22:53.053 [http-nio-8881-exec-4] ApiServiceImpl - in getTaxiInfo vin2C4GJ453XYR693697
[INFO ] 2021-05-10 10:23:01.427 [http-nio-8881-exec-6] ApiServiceImpl - in getTaxiInfo vin2C4GJ453XYR693697
[INFO ] 2021-05-10 10:23:22.229 [http-nio-8881-exec-7] ApiServiceImpl - in getTaxiInfo vin2C4GJ453XYR693697
[INFO ] 2021-05-10 10:23:52.280 [http-nio-8881-exec-10] ApiServiceImpl - in getTaxiInfo vin2C4GJ453XYR693697
[INFO ] 2021-05-10 10:24:40.152 [http-nio-8881-exec-3] ApiServiceImpl - in getTaxiInfo vin2C4GJ453XYR693697
[INFO ] 2021-05-10 10:24:47.415 [http-nio-8881-exec-4] ApiServiceImpl - in getTaxiInfo vin2C4GJ453XYR693697
[INFO ] 2021-05-10 10:25:46.229 [http-nio-8881-exec-6] ApiServiceImpl - in getTaxiInfo vin2C4GJ453XYR693697
[INFO ] 2021-05-10 10:27:11.538 [http-nio-8881-exec-5] ApiServiceImpl - in getTaxiInfo vin2C4GJ453XYR693697
[INFO ] 2021-05-10 10:27:24.822 [http-nio-8881-exec-8] ApiServiceImpl - in getTaxiInfo vin2C4GJ453XYR693697
[INFO ] 2021-05-10 10:27:49.463 [http-nio-8881-exec-2] ApiServiceImpl - in getTaxiInfo vin2C4GJ453XYR693697
[INFO ] 2021-05-10 10:29:02.656 [http-nio-8881-exec-10] ApiServiceImpl - in getTaxiInfo vin2C4GJ453XYR693697
[INFO ] 2021-05-10 10:29:16.666 [http-nio-8881-exec-1] ApiServiceImpl - in getTaxiInfo vin2C4GJ453XYR693697
[INFO ] 2021-05-10 10:29:32.514 [http-nio-8881-exec-4] ApiServiceImpl - in getTaxiInfo vin2C4GJ453XYR693697
[INFO ] 2021-05-10 10:30:39.981 [http-nio-8881-exec-2] ApiServiceImpl - in getTaxiInfo vin2C4GJ453XYR693697
[INFO ] 2021-05-10 10:30:57.300 [http-nio-8881-exec-3] ApiServiceImpl - in getTaxiInfo vin2C4GJ453XYR693697
[INFO ] 2021-05-10 10:32:00.636 [http-nio-8881-exec-1] ApiServiceImpl - in getTaxiInfo vin2C4GJ453XYR693697
[INFO ] 2021-05-10 10:32:23.104 [http-nio-8881-exec-4] ApiServiceImpl - in getTaxiInfo vin2C4GJ453XYR693697
[INFO ] 2021-05-10 10:34:09.527 [http-nio-8881-exec-2] ApiServiceImpl - in getTaxiInfo vin2C4GJ453XYR693697
[INFO ] 2021-05-10 10:37:09.751 [http-nio-8881-exec-10] ApiServiceImpl - in getTaxiInfo vin2C4GJ453XYR693697
[INFO ] 2021-05-10 10:40:26.137 [http-nio-8881-exec-5] ApiServiceImpl - in getTaxiInfo vin2C4GJ453XYR693697
[INFO ] 2021-05-10 10:41:23.003 [http-nio-8881-exec-8] ApiServiceImpl - in getTaxiInfo vinXW8ZZZ7PZDG005302
[INFO ] 2021-05-10 10:41:53.449 [http-nio-8881-exec-4] ApiServiceImpl - in getTaxiInfo vinXW8ZZZ7PZDG005302
[INFO ] 2021-05-10 10:42:36.074 [http-nio-8881-exec-9] ApiServiceImpl - in getTaxiInfo vinXW8ZZZ7PZDG005302
[INFO ] 2021-05-10 10:42:44.057 [http-nio-8881-exec-8] ApiServiceImpl - in getTaxiInfo vinXW8ZZZ7PZDG005302
[INFO ] 2021-05-10 10:43:04.514 [http-nio-8881-exec-4] ApiServiceImpl - in getTaxiInfo vinXW8ZZZ7PZDG005302
[INFO ] 2021-05-10 10:43:15.252 [http-nio-8881-exec-5] ApiServiceImpl - in getTaxiInfo vinXW8ZZZ7PZDG005302
[INFO ] 2021-05-10 10:43:37.064 [http-nio-8881-exec-7] ApiServiceImpl - in getTaxiInfo vinXW8ZZZ7PZDG005302
[INFO ] 2021-05-10 10:43:41.160 [http-nio-8881-exec-10] ApiServiceImpl - in getTaxiInfo vinXW8ZZZ7PZDG005302
[INFO ] 2021-05-10 10:44:19.368 [http-nio-8881-exec-1] ApiServiceImpl - in getTaxiInfo vinXW8ZZZ7PZDG005302
[INFO ] 2021-05-10 10:44:24.143 [http-nio-8881-exec-8] ApiServiceImpl - in getTaxiInfo vinXW8ZZZ7PZDG005302
[INFO ] 2021-05-10 10:44:33.915 [http-nio-8881-exec-4] ApiServiceImpl - in getTaxiInfo vinXW8ZZZ7PZDG005302
[INFO ] 2021-05-10 10:44:39.090 [http-nio-8881-exec-5] ApiServiceImpl - in getTaxiInfo vinXW8ZZZ7PZDG005302
[INFO ] 2021-05-10 10:44:42.648 [http-nio-8881-exec-2] ApiServiceImpl - in getTaxiInfo vinXW8ZZZ7PZDG005302
[INFO ] 2021-05-10 10:46:03.600 [http-nio-8881-exec-9] ApiServiceImpl - in getTaxiInfo vinXW8ZZZ7PZDG005302
[INFO ] 2021-05-10 10:47:15.832 [http-nio-8881-exec-6] ApiServiceImpl - in getTaxiInfo vinXW8ZZZ7PZDG005302
[INFO ] 2021-05-10 10:47:24.252 [http-nio-8881-exec-3] ApiServiceImpl - in getTaxiInfo vinXW8ZZZ7PZDG005302
[INFO ] 2021-05-10 10:48:21.091 [http-nio-8881-exec-2] ApiServiceImpl - in getTaxiInfo vinXW8ZZZ7PZDG005302
[INFO ] 2021-05-10 10:48:29.580 [http-nio-8881-exec-10] ApiServiceImpl - in getTaxiInfo vinXW8ZZZ7PZDG005302
[INFO ] 2021-05-10 10:48:41.256 [http-nio-8881-exec-1] ApiServiceImpl - in getTaxiInfo vinXW8ZZZ7PZDG005302
[INFO ] 2021-05-10 10:48:57.646 [http-nio-8881-exec-6] ApiServiceImpl - in getTaxiInfo vinXW8ZZZ7PZDG005302
[INFO ] 2021-05-10 10:49:01.945 [http-nio-8881-exec-4] ApiServiceImpl - in getTaxiInfo vinXW8ZZZ7PZDG005302
[INFO ] 2021-05-10 10:49:05.632 [http-nio-8881-exec-5] ApiServiceImpl - in getTaxiInfo vinXW8ZZZ7PZDG005302
[INFO ] 2021-05-10 10:49:11.845 [http-nio-8881-exec-7] ApiServiceImpl - in getTaxiInfo vinXW8ZZZ7PZDG005302
[INFO ] 2021-05-10 10:49:32.532 [http-nio-8881-exec-9] ApiServiceImpl - in getTaxiInfo vinXW8ZZZ7PZDG005302
[INFO ] 2021-05-10 10:49:59.392 [http-nio-8881-exec-8] ApiServiceImpl - in getTaxiInfo vinXW8ZZZ7PZDG005302
[INFO ] 2021-05-10 10:50:25.116 [http-nio-8881-exec-4] ApiServiceImpl - in getTaxiInfo vinXW8ZZZ7PZDG005302
[INFO ] 2021-05-10 10:50:31.680 [http-nio-8881-exec-5] ApiServiceImpl - in getTaxiInfo vinXW8ZZZ7PZDG005302
[INFO ] 2021-05-10 10:50:36.689 [http-nio-8881-exec-7] ApiServiceImpl - in getTaxiInfo vinXW8ZZZ7PZDG005302
[INFO ] 2021-05-10 10:51:11.504 [http-nio-8881-exec-9] ApiServiceImpl - in getTaxiInfo vinXW8ZZZ7PZDG005302
[INFO ] 2021-05-10 10:51:21.787 [http-nio-8881-exec-8] ApiServiceImpl - in getTaxiInfo vinXW8ZZZ7PZDG005302
[INFO ] 2021-05-10 10:51:35.111 [http-nio-8881-exec-4] ApiServiceImpl - in getTaxiInfo vinXW8ZZZ7PZDG005302
[INFO ] 2021-05-10 10:53:02.578 [http-nio-8881-exec-2] ApiServiceImpl - in getTaxiInfo vinXW8ZZZ7PZDG005302
[INFO ] 2021-05-10 10:53:58.426 [http-nio-8881-exec-10] ApiServiceImpl - in getTaxiInfo vinXW8ZZZ7PZDG005302
[INFO ] 2021-05-10 10:54:07.509 [http-nio-8881-exec-1] ApiServiceImpl - in getTaxiInfo vinXW8ZZZ7PZDG005302
[INFO ] 2021-05-10 10:54:33.282 [http-nio-8881-exec-6] ApiServiceImpl - in getTaxiInfo vinXW8ZZZ7PZDG005302
[INFO ] 2021-05-10 10:54:47.402 [http-nio-8881-exec-3] ApiServiceImpl - in getTaxiInfo vinXW8ZZZ7PZDG005302
[INFO ] 2021-05-10 10:54:55.906 [http-nio-8881-exec-2] ApiServiceImpl - in getTaxiInfo vinXW8ZZZ7PZDG005302
[INFO ] 2021-05-10 10:55:00.601 [http-nio-8881-exec-7] ApiServiceImpl - in getTaxiInfo vinXW8ZZZ7PZDG005302
[INFO ] 2021-05-10 10:55:05.080 [http-nio-8881-exec-9] ApiServiceImpl - in getTaxiInfo vinXW8ZZZ7PZDG005302
[INFO ] 2021-05-10 10:55:23.812 [http-nio-8881-exec-8] ApiServiceImpl - in getTaxiInfo vinXW8ZZZ7PZDG005302
[INFO ] 2021-05-10 10:56:00.491 [http-nio-8881-exec-4] ApiServiceImpl - in getTaxiInfo vinXW8ZZZ7PZDG005302
[INFO ] 2021-05-10 10:56:11.923 [http-nio-8881-exec-5] ApiServiceImpl - in getTaxiInfo vinXW8ZZZ7PZDG005302
[INFO ] 2021-05-10 10:56:18.722 [http-nio-8881-exec-7] ApiServiceImpl - in getTaxiInfo vinXW8ZZZ7PZDG005302
[INFO ] 2021-05-10 10:56:25.307 [http-nio-8881-exec-9] ApiServiceImpl - in getTaxiInfo vinXW8ZZZ7PZDG005302
[INFO ] 2021-05-10 10:56:40.508 [http-nio-8881-exec-8] ApiServiceImpl - in getTaxiInfo vinXW8ZZZ7PZDG005302
[INFO ] 2021-05-10 10:56:47.098 [http-nio-8881-exec-4] ApiServiceImpl - in getTaxiInfo vinXW8ZZZ7PZDG005302
[INFO ] 2021-05-10 10:57:32.902 [http-nio-8881-exec-5] ApiServiceImpl - in getTaxiInfo vinXW8ZZZ7PZDG005302
[INFO ] 2021-05-10 10:57:47.632 [http-nio-8881-exec-7] ApiServiceImpl - in getTaxiInfo vinXW8ZZZ7PZDG005302
[INFO ] 2021-05-10 10:58:49.472 [http-nio-8881-exec-1] ApiServiceImpl - in getTaxiInfo vinXW8ZZZ7PZDG005302
[INFO ] 2021-05-10 11:00:07.901 [http-nio-8881-exec-4] ApiServiceImpl - in getTaxiInfo vinXW8ZZZ7PZDG005302
[INFO ] 2021-05-10 11:01:41.343 [http-nio-8881-exec-2] ApiServiceImpl - in getTaxiInfo vinXW8ZZZ7PZDG005302
[INFO ] 2021-05-10 11:02:27.123 [http-nio-8881-exec-4] ApiServiceImpl - in getTaxiInfo vin2C4GJ453XYR693697
[INFO ] 2021-05-10 11:02:34.138 [http-nio-8881-exec-3] ApiServiceImpl - in getTaxiInfo vinXW8ZZZ7PZDG005302
[INFO ] 2021-05-10 11:02:50.648 [http-nio-8881-exec-1] ApiServiceImpl - in getTaxiInfo vinXW8ZZZ7PZDG005302
[INFO ] 2021-05-10 11:02:57.873 [http-nio-8881-exec-7] ApiServiceImpl - in getTaxiInfo vinXW8ZZZ7PZDG005302
[INFO ] 2021-05-10 11:03:20.401 [http-nio-8881-exec-5] ApiServiceImpl - in getTaxiInfo vinXW8ZZZ7PZDG005302
[INFO ] 2021-05-10 11:04:00.531 [http-nio-8881-exec-1] ApiServiceImpl - in getTaxiInfo vinXW8ZZZ7PZDG005302
[INFO ] 2021-05-10 11:05:44.324 [http-nio-8881-exec-6] ApiServiceImpl - in getTaxiInfo vinXW8ZZZ7PZDG005302
[INFO ] 2021-05-10 11:05:51.464 [http-nio-8881-exec-8] ApiServiceImpl - in getTaxiInfo vinXW8ZZZ7PZDG005302
[INFO ] 2021-05-10 11:09:26.088 [http-nio-8881-exec-3] ApiServiceImpl - in getTaxiInfo vinXW8ZZZ7PZDG005302
[INFO ] 2021-05-10 11:09:44.620 [http-nio-8881-exec-1] ApiServiceImpl - in getTaxiInfo vinXW8ZZZ7PZDG005302
[INFO ] 2021-05-10 11:10:05.886 [http-nio-8881-exec-7] ApiServiceImpl - in getTaxiInfo vinXW8ZZZ7PZDG005302
[INFO ] 2021-05-10 11:10:20.567 [http-nio-8881-exec-5] ApiServiceImpl - in getTaxiInfo vinXW8ZZZ7PZDG005302
[INFO ] 2021-05-10 11:10:51.754 [http-nio-8881-exec-10] ApiServiceImpl - in getTaxiInfo vinXW8ZZZ7PZDG005302
[INFO ] 2021-05-10 11:11:18.493 [http-nio-8881-exec-3] ApiServiceImpl - in getTaxiInfo vinXW8ZZZ7PZDG005302
[INFO ] 2021-05-10 11:11:27.034 [http-nio-8881-exec-1] ApiServiceImpl - in getTaxiInfo vinXW8ZZZ7PZDG005302
[INFO ] 2021-05-10 11:14:04.733 [http-nio-8881-exec-6] ApiServiceImpl - in getTaxiInfo vinXW8ZZZ7PZDG005302
[INFO ] 2021-05-10 11:15:16.364 [http-nio-8881-exec-10] ApiServiceImpl - in getTaxiInfo vinXW8ZZZ7PZDG005302
[INFO ] 2021-05-10 11:19:04.591 [http-nio-8881-exec-4] ApiServiceImpl - in getTaxiInfo vinXW8ZZZ7PZDG005302
[INFO ] 2021-05-10 11:19:17.365 [http-nio-8881-exec-2] ApiServiceImpl - in getTaxiInfo vinXW8ZZZ7PZDG005302
[INFO ] 2021-05-10 11:19:36.758 [http-nio-8881-exec-6] ApiServiceImpl - in getTaxiInfo vinXW8ZZZ7PZDG005302
[INFO ] 2021-05-10 11:19:51.726 [http-nio-8881-exec-8] ApiServiceImpl - in getTaxiInfo vinXW8ZZZ7PZDG005302
[INFO ] 2021-05-10 11:20:36.475 [http-nio-8881-exec-9] ApiServiceImpl - in getTaxiInfo vinXW8ZZZ7PZDG005302
[INFO ] 2021-05-10 11:20:47.661 [http-nio-8881-exec-4] ApiServiceImpl - in getTaxiInfo vinXW8ZZZ7PZDG005302
[INFO ] 2021-05-10 11:20:53.144 [http-nio-8881-exec-2] ApiServiceImpl - in getTaxiInfo vinXW8ZZZ7PZDG005302
[INFO ] 2021-05-10 11:21:08.854 [http-nio-8881-exec-6] ApiServiceImpl - in getTaxiInfo vinXW8ZZZ7PZDG005302
[INFO ] 2021-05-10 11:23:19.266 [http-nio-8881-exec-10] ApiServiceImpl - in getTaxiInfo vinXW8ZZZ7PZDG005302
[INFO ] 2021-05-10 11:23:45.614 [http-nio-8881-exec-3] ApiServiceImpl - in getTaxiInfo vinXW8ZZZ7PZDG005302
[INFO ] 2021-05-10 11:24:07.809 [http-nio-8881-exec-1] ApiServiceImpl - in getTaxiInfo vinXW8ZZZ7PZDG005302
[INFO ] 2021-05-10 11:24:40.205 [http-nio-8881-exec-7] ApiServiceImpl - in getTaxiInfo vinXW8ZZZ7PZDG005302
[INFO ] 2021-05-10 11:25:01.308 [http-nio-8881-exec-1] ApiServiceImpl - in getTaxiInfo vinXW8ZZZ7PZDG005302
[INFO ] 2021-05-10 11:25:08.489 [http-nio-8881-exec-2] ApiServiceImpl - in getTaxiInfo vin2C4GJ453XYR693697
[INFO ] 2021-05-10 11:27:15.342 [http-nio-8881-exec-5] ApiServiceImpl - in getTaxiInfo vin2C4GJ453XYR693697
[INFO ] 2021-05-10 11:29:03.380 [http-nio-8881-exec-2] ApiServiceImpl - in getTaxiInfo vin2C4GJ453XYR693697
[INFO ] 2021-05-10 11:29:19.469 [http-nio-8881-exec-8] ApiServiceImpl - in getTaxiInfo vin2C4GJ453XYR693697
[INFO ] 2021-05-10 11:30:09.258 [http-nio-8881-exec-6] ApiServiceImpl - in getTaxiInfo vin2C4GJ453XYR693697
[INFO ] 2021-05-10 11:32:32.938 [http-nio-8881-exec-5] ApiServiceImpl - in getTaxiInfo vin2C4GJ453XYR693697
[INFO ] 2021-05-10 11:32:48.515 [http-nio-8881-exec-7] ApiServiceImpl - in getTaxiInfo vin2C4GJ453XYR693697
[INFO ] 2021-05-10 11:33:50.416 [http-nio-8881-exec-8] ApiServiceImpl - in getTaxiInfo vin2C4GJ453XYR693697
[INFO ] 2021-05-10 11:36:36.050 [http-nio-8881-exec-5] ApiServiceImpl - in getTaxiInfo vin2C4GJ453XYR693697
[INFO ] 2021-05-10 11:37:32.510 [SpringContextShutdownHook] CacheSupport - in PreDestroy
