[INFO ] 2021-05-14 12:08:05.961 [http-nio-8881-exec-5] AdvertismentController - received report id:1, vin:2C4GJ453XYR693697
[INFO ] 2021-05-14 12:09:59.665 [http-nio-8881-exec-2] AdvertismentController - received report id:52, vin:XW8ZZZ7PZDG005302
[INFO ] 2021-05-14 12:10:23.174 [http-nio-8881-exec-5] AdvertismentController - received report id:52, vin:XW8ZZZ7PZDG005302
[INFO ] 2021-05-14 12:11:05.146 [http-nio-8881-exec-4] AdvertismentController - received report id:2, vin:WAGGJ453A67693134
[INFO ] 2021-05-14 12:12:13.425 [http-nio-8881-exec-2] AdvertismentController - received report id:42, vin:JTHCH96S960012271
[INFO ] 2021-05-14 12:12:37.564 [http-nio-8881-exec-1] AdvertismentController - received report id:42, vin:JTHCH96S960012271
[INFO ] 2021-05-14 12:12:55.904 [http-nio-8881-exec-6] AdvertismentController - received report id:46, vin:WP1ZZZ95ZJLB02581
[INFO ] 2021-05-14 12:13:07.656 [http-nio-8881-exec-8] AdvertismentController - received report id:46, vin:WP1ZZZ95ZJLB02581
[INFO ] 2021-05-14 16:27:26.126 [http-nio-8881-exec-10] AdvertismentController - received report id:1, vin:2C4GJ453XYR693697
[INFO ] 2021-05-14 16:27:49.887 [http-nio-8881-exec-9] AdvertismentController - received report id:1, vin:2C4GJ453XYR693697
[INFO ] 2021-05-14 16:27:59.838 [http-nio-8881-exec-8] AdvertismentController - received report id:1, vin:2C4GJ453XYR693697
[INFO ] 2021-05-14 16:28:02.959 [http-nio-8881-exec-7] AdvertismentController - received report id:1, vin:2C4GJ453XYR693697
[INFO ] 2021-05-14 16:28:08.149 [http-nio-8881-exec-1] AdvertismentController - received report id:1, vin:2C4GJ453XYR693697
[INFO ] 2021-05-14 16:28:58.820 [http-nio-8881-exec-6] AdvertismentController - received report id:52, vin:XW8ZZZ7PZDG005302
[INFO ] 2021-05-14 16:29:25.620 [http-nio-8881-exec-2] AdvertismentController - received report id:52, vin:XW8ZZZ7PZDG005302
[INFO ] 2021-05-14 16:29:55.533 [http-nio-8881-exec-10] AdvertismentController - received report id:52, vin:XW8ZZZ7PZDG005302
[INFO ] 2021-05-14 16:30:03.765 [http-nio-8881-exec-2] AdvertismentController - received report id:46, vin:WP1ZZZ95ZJLB02581
[INFO ] 2021-05-14 16:30:54.455 [http-nio-8881-exec-8] AdvertismentController - received report id:41, vin:4F2YU08102KM26251
[INFO ] 2021-05-14 16:31:21.822 [http-nio-8881-exec-6] AdvertismentController - received report id:41, vin:4F2YU08102KM26251
[INFO ] 2021-05-14 16:31:25.989 [http-nio-8881-exec-9] AdvertismentController - received report id:41, vin:4F2YU08102KM26251
[INFO ] 2021-05-14 16:31:31.971 [http-nio-8881-exec-3] AdvertismentController - received report id:41, vin:4F2YU08102KM26251
[INFO ] 2021-05-14 17:06:14.835 [http-nio-8881-exec-10] AdvertismentController - received report id:1, vin:2C4GJ453XYR693697
[INFO ] 2021-05-14 17:25:58.764 [http-nio-8881-exec-10] AdvertismentController - received report id:1, vin:2C4GJ453XYR693697
[INFO ] 2021-05-14 17:54:17.039 [http-nio-8881-exec-10] AdvertismentController - received report id:1, vin:2C4GJ453XYR693697
[INFO ] 2021-05-14 17:54:45.350 [http-nio-8881-exec-1] AdvertismentController - received report id:1, vin:2C4GJ453XYR693697
[INFO ] 2021-05-14 17:55:59.658 [http-nio-8881-exec-1] AdvertismentController - received report id:2, vin:WAGGJ453A67693134
